

================================================================
== Vitis HLS Report for 'Axi2AxiStream_Pipeline_MMIterInLoop1'
================================================================
* Date:           Fri Sep  6 14:01:32 2024

* Version:        2022.2 (Build 3670227 on Oct 13 2022)
* Project:        histoframe_accel
* Solution:       solution (Vitis Kernel Flow Target)
* Product family: zynquplus
* Target device:  xck26-sfvc784-2LV-c


================================================================
== Performance Estimates
================================================================
+ Timing: 
    * Summary: 
    +--------+---------+----------+------------+
    |  Clock |  Target | Estimated| Uncertainty|
    +--------+---------+----------+------------+
    |ap_clk  |  3.33 ns|  2.433 ns|     0.90 ns|
    +--------+---------+----------+------------+

+ Latency: 
    * Summary: 
    +---------+---------+-----------+----------+-----+--------+---------+
    |  Latency (cycles) |  Latency (absolute)  |   Interval   | Pipeline|
    |   min   |   max   |    min    |    max   | min |   max  |   Type  |
    +---------+---------+-----------+----------+-----+--------+---------+
    |        4|   115203|  13.332 ns|  0.384 ms|    4|  115203|       no|
    +---------+---------+-----------+----------+-----+--------+---------+

    + Detail: 
        * Instance: 
        N/A

        * Loop: 
        +-----------------+---------+---------+----------+-----------+-----------+------------+----------+
        |                 |  Latency (cycles) | Iteration|  Initiation Interval  |    Trip    |          |
        |    Loop Name    |   min   |   max   |  Latency |  achieved |   target  |    Count   | Pipelined|
        +-----------------+---------+---------+----------+-----------+-----------+------------+----------+
        |- MMIterInLoop1  |        2|   115201|         3|          1|          1|  1 ~ 115200|       yes|
        +-----------------+---------+---------+----------+-----------+-----------+------------+----------+



================================================================
== Utilization Estimates
================================================================
* Summary: 
+-----------------+---------+------+--------+--------+-----+
|       Name      | BRAM_18K|  DSP |   FF   |   LUT  | URAM|
+-----------------+---------+------+--------+--------+-----+
|DSP              |        -|     -|       -|       -|    -|
|Expression       |        -|     -|       0|      44|    -|
|FIFO             |        -|     -|       -|       -|    -|
|Instance         |        -|     -|       -|       -|    -|
|Memory           |        -|     -|       -|       -|    -|
|Multiplexer      |        -|     -|       -|      54|    -|
|Register         |        -|     -|     152|       -|    -|
+-----------------+---------+------+--------+--------+-----+
|Total            |        0|     0|     152|      98|    0|
+-----------------+---------+------+--------+--------+-----+
|Available        |      288|  1248|  234240|  117120|   64|
+-----------------+---------+------+--------+--------+-----+
|Utilization (%)  |        0|     0|      ~0|      ~0|    0|
+-----------------+---------+------+--------+--------+-----+

+ Detail: 
    * Instance: 
    N/A

    * DSP: 
    N/A

    * Memory: 
    N/A

    * FIFO: 
    N/A

    * Expression: 
    +----------------------------------+----------+----+---+----+------------+------------+
    |           Variable Name          | Operation| DSP| FF| LUT| Bitwidth P0| Bitwidth P1|
    +----------------------------------+----------+----+---+----+------------+------------+
    |add_ln840_fu_104_p2               |         +|   0|  0|  25|          18|           1|
    |ap_block_state2_pp0_stage0_iter1  |       and|   0|  0|   2|           1|           1|
    |icmp_ln1027_fu_98_p2              |      icmp|   0|  0|  13|          18|          18|
    |ap_block_pp0_stage0_01001         |        or|   0|  0|   2|           1|           1|
    |ap_enable_pp0                     |       xor|   0|  0|   2|           1|           2|
    +----------------------------------+----------+----+---+----+------------+------------+
    |Total                             |          |   0|  0|  44|          39|          23|
    +----------------------------------+----------+----+---+----+------------+------------+

    * Multiplexer: 
    +-------------------------+----+-----------+-----+-----------+
    |           Name          | LUT| Input Size| Bits| Total Bits|
    +-------------------------+----+-----------+-----+-----------+
    |ap_done_int              |   9|          2|    1|          2|
    |ap_enable_reg_pp0_iter2  |   9|          2|    1|          2|
    |ap_sig_allocacmp_i_V_2   |   9|          2|   18|         36|
    |gmem1_blk_n_R            |   9|          2|    1|          2|
    |i_V_fu_58                |   9|          2|   18|         36|
    |ldata1_blk_n             |   9|          2|    1|          2|
    +-------------------------+----+-----------+-----+-----------+
    |Total                    |  54|         12|   40|         80|
    +-------------------------+----+-----------+-----+-----------+

    * Register: 
    +----------------------------------+-----+----+-----+-----------+
    |               Name               |  FF | LUT| Bits| Const Bits|
    +----------------------------------+-----+----+-----+-----------+
    |ap_CS_fsm                         |    1|   0|    1|          0|
    |ap_done_reg                       |    1|   0|    1|          0|
    |ap_enable_reg_pp0_iter1           |    1|   0|    1|          0|
    |ap_enable_reg_pp0_iter2           |    1|   0|    1|          0|
    |ap_loop_exit_ready_pp0_iter1_reg  |    1|   0|    1|          0|
    |gmem1_addr_read_reg_137           |  128|   0|  128|          0|
    |i_V_fu_58                         |   18|   0|   18|          0|
    |icmp_ln1027_reg_133               |    1|   0|    1|          0|
    +----------------------------------+-----+----+-----+-----------+
    |Total                             |  152|   0|  152|          0|
    +----------------------------------+-----+----+-----+-----------+



================================================================
== Interface
================================================================
* Summary: 
+-----------------------+-----+-----+------------+--------------------------------------+--------------+
|       RTL Ports       | Dir | Bits|  Protocol  |             Source Object            |    C Type    |
+-----------------------+-----+-----+------------+--------------------------------------+--------------+
|ap_clk                 |   in|    1|  ap_ctrl_hs|  Axi2AxiStream_Pipeline_MMIterInLoop1|  return value|
|ap_rst                 |   in|    1|  ap_ctrl_hs|  Axi2AxiStream_Pipeline_MMIterInLoop1|  return value|
|ap_start               |   in|    1|  ap_ctrl_hs|  Axi2AxiStream_Pipeline_MMIterInLoop1|  return value|
|ap_done                |  out|    1|  ap_ctrl_hs|  Axi2AxiStream_Pipeline_MMIterInLoop1|  return value|
|ap_idle                |  out|    1|  ap_ctrl_hs|  Axi2AxiStream_Pipeline_MMIterInLoop1|  return value|
|ap_ready               |  out|    1|  ap_ctrl_hs|  Axi2AxiStream_Pipeline_MMIterInLoop1|  return value|
|m_axi_gmem1_AWVALID    |  out|    1|       m_axi|                                 gmem1|       pointer|
|m_axi_gmem1_AWREADY    |   in|    1|       m_axi|                                 gmem1|       pointer|
|m_axi_gmem1_AWADDR     |  out|   64|       m_axi|                                 gmem1|       pointer|
|m_axi_gmem1_AWID       |  out|    1|       m_axi|                                 gmem1|       pointer|
|m_axi_gmem1_AWLEN      |  out|   32|       m_axi|                                 gmem1|       pointer|
|m_axi_gmem1_AWSIZE     |  out|    3|       m_axi|                                 gmem1|       pointer|
|m_axi_gmem1_AWBURST    |  out|    2|       m_axi|                                 gmem1|       pointer|
|m_axi_gmem1_AWLOCK     |  out|    2|       m_axi|                                 gmem1|       pointer|
|m_axi_gmem1_AWCACHE    |  out|    4|       m_axi|                                 gmem1|       pointer|
|m_axi_gmem1_AWPROT     |  out|    3|       m_axi|                                 gmem1|       pointer|
|m_axi_gmem1_AWQOS      |  out|    4|       m_axi|                                 gmem1|       pointer|
|m_axi_gmem1_AWREGION   |  out|    4|       m_axi|                                 gmem1|       pointer|
|m_axi_gmem1_AWUSER     |  out|    1|       m_axi|                                 gmem1|       pointer|
|m_axi_gmem1_WVALID     |  out|    1|       m_axi|                                 gmem1|       pointer|
|m_axi_gmem1_WREADY     |   in|    1|       m_axi|                                 gmem1|       pointer|
|m_axi_gmem1_WDATA      |  out|  128|       m_axi|                                 gmem1|       pointer|
|m_axi_gmem1_WSTRB      |  out|   16|       m_axi|                                 gmem1|       pointer|
|m_axi_gmem1_WLAST      |  out|    1|       m_axi|                                 gmem1|       pointer|
|m_axi_gmem1_WID        |  out|    1|       m_axi|                                 gmem1|       pointer|
|m_axi_gmem1_WUSER      |  out|    1|       m_axi|                                 gmem1|       pointer|
|m_axi_gmem1_ARVALID    |  out|    1|       m_axi|                                 gmem1|       pointer|
|m_axi_gmem1_ARREADY    |   in|    1|       m_axi|                                 gmem1|       pointer|
|m_axi_gmem1_ARADDR     |  out|   64|       m_axi|                                 gmem1|       pointer|
|m_axi_gmem1_ARID       |  out|    1|       m_axi|                                 gmem1|       pointer|
|m_axi_gmem1_ARLEN      |  out|   32|       m_axi|                                 gmem1|       pointer|
|m_axi_gmem1_ARSIZE     |  out|    3|       m_axi|                                 gmem1|       pointer|
|m_axi_gmem1_ARBURST    |  out|    2|       m_axi|                                 gmem1|       pointer|
|m_axi_gmem1_ARLOCK     |  out|    2|       m_axi|                                 gmem1|       pointer|
|m_axi_gmem1_ARCACHE    |  out|    4|       m_axi|                                 gmem1|       pointer|
|m_axi_gmem1_ARPROT     |  out|    3|       m_axi|                                 gmem1|       pointer|
|m_axi_gmem1_ARQOS      |  out|    4|       m_axi|                                 gmem1|       pointer|
|m_axi_gmem1_ARREGION   |  out|    4|       m_axi|                                 gmem1|       pointer|
|m_axi_gmem1_ARUSER     |  out|    1|       m_axi|                                 gmem1|       pointer|
|m_axi_gmem1_RVALID     |   in|    1|       m_axi|                                 gmem1|       pointer|
|m_axi_gmem1_RREADY     |  out|    1|       m_axi|                                 gmem1|       pointer|
|m_axi_gmem1_RDATA      |   in|  128|       m_axi|                                 gmem1|       pointer|
|m_axi_gmem1_RLAST      |   in|    1|       m_axi|                                 gmem1|       pointer|
|m_axi_gmem1_RID        |   in|    1|       m_axi|                                 gmem1|       pointer|
|m_axi_gmem1_RFIFONUM   |   in|    9|       m_axi|                                 gmem1|       pointer|
|m_axi_gmem1_RUSER      |   in|    1|       m_axi|                                 gmem1|       pointer|
|m_axi_gmem1_RRESP      |   in|    2|       m_axi|                                 gmem1|       pointer|
|m_axi_gmem1_BVALID     |   in|    1|       m_axi|                                 gmem1|       pointer|
|m_axi_gmem1_BREADY     |  out|    1|       m_axi|                                 gmem1|       pointer|
|m_axi_gmem1_BRESP      |   in|    2|       m_axi|                                 gmem1|       pointer|
|m_axi_gmem1_BID        |   in|    1|       m_axi|                                 gmem1|       pointer|
|m_axi_gmem1_BUSER      |   in|    1|       m_axi|                                 gmem1|       pointer|
|ldata1_din             |  out|  128|     ap_fifo|                                ldata1|       pointer|
|ldata1_num_data_valid  |   in|    2|     ap_fifo|                                ldata1|       pointer|
|ldata1_fifo_cap        |   in|    2|     ap_fifo|                                ldata1|       pointer|
|ldata1_full_n          |   in|    1|     ap_fifo|                                ldata1|       pointer|
|ldata1_write           |  out|    1|     ap_fifo|                                ldata1|       pointer|
|sext_ln964             |   in|   60|     ap_none|                            sext_ln964|        scalar|
|p_read                 |   in|   18|     ap_none|                                p_read|        scalar|
+-----------------------+-----+-----+------------+--------------------------------------+--------------+

