

================================================================
== Vitis HLS Report for 'AxiStream2MatStream_2_Pipeline_MMIterInLoopRow'
================================================================
* Date:           Fri Sep  6 14:01:32 2024

* Version:        2022.2 (Build 3670227 on Oct 13 2022)
* Project:        histoframe_accel
* Solution:       solution (Vitis Kernel Flow Target)
* Product family: zynquplus
* Target device:  xck26-sfvc784-2LV-c


================================================================
== Performance Estimates
================================================================
+ Timing: 
    * Summary: 
    +--------+---------+----------+------------+
    |  Clock |  Target | Estimated| Uncertainty|
    +--------+---------+----------+------------+
    |ap_clk  |  3.33 ns|  2.357 ns|     0.90 ns|
    +--------+---------+----------+------------+

+ Latency: 
    * Summary: 
    +---------+---------+-----------+----------+-----+---------+---------+
    |  Latency (cycles) |  Latency (absolute)  |    Interval   | Pipeline|
    |   min   |   max   |    min    |    max   | min |   max   |   Type  |
    +---------+---------+-----------+----------+-----+---------+---------+
    |        5|  1843204|  16.665 ns|  6.143 ms|    5|  1843204|       no|
    +---------+---------+-----------+----------+-----+---------+---------+

    + Detail: 
        * Instance: 
        N/A

        * Loop: 
        +-------------------+---------+---------+----------+-----------+-----------+-------------+----------+
        |                   |  Latency (cycles) | Iteration|  Initiation Interval  |     Trip    |          |
        |     Loop Name     |   min   |   max   |  Latency |  achieved |   target  |    Count    | Pipelined|
        +-------------------+---------+---------+----------+-----------+-----------+-------------+----------+
        |- MMIterInLoopRow  |        3|  1843202|         4|          1|          1|  1 ~ 1843200|       yes|
        +-------------------+---------+---------+----------+-----------+-----------+-------------+----------+



================================================================
== Utilization Estimates
================================================================
* Summary: 
+-----------------+---------+------+--------+--------+-----+
|       Name      | BRAM_18K|  DSP |   FF   |   LUT  | URAM|
+-----------------+---------+------+--------+--------+-----+
|DSP              |        -|     -|       -|       -|    -|
|Expression       |        -|     -|       0|    3339|    -|
|FIFO             |        -|     -|       -|       -|    -|
|Instance         |        -|     -|       -|       -|    -|
|Memory           |        -|     -|       -|       -|    -|
|Multiplexer      |        -|     -|       -|     104|    -|
|Register         |        -|     -|     517|      96|    -|
+-----------------+---------+------+--------+--------+-----+
|Total            |        0|     0|     517|    3539|    0|
+-----------------+---------+------+--------+--------+-----+
|Available        |      288|  1248|  234240|  117120|   64|
+-----------------+---------+------+--------+--------+-----+
|Utilization (%)  |        0|     0|      ~0|       3|    0|
+-----------------+---------+------+--------+--------+-----+

+ Detail: 
    * Instance: 
    N/A

    * DSP: 
    N/A

    * Memory: 
    N/A

    * FIFO: 
    N/A

    * Expression: 
    +----------------------------------+----------+----+---+-----+------------+------------+
    |           Variable Name          | Operation| DSP| FF| LUT | Bitwidth P0| Bitwidth P1|
    +----------------------------------+----------+----+---+-----+------------+------------+
    |add_ln1013_fu_209_p2              |         +|   0|  0|   38|          31|           1|
    |add_ln1030_fu_354_p2              |         +|   0|  0|   12|           5|           2|
    |add_ln1045_fu_232_p2              |         +|   0|  0|   39|          32|           1|
    |rem_2_fu_440_p2                   |         +|   0|  0|   39|          32|          32|
    |rem_3_fu_317_p2                   |         -|   0|  0|   39|          32|          32|
    |sub_ln1033_1_fu_297_p2            |         -|   0|  0|   39|           8|          32|
    |sub_ln1033_fu_291_p2              |         -|   0|  0|   39|          32|          32|
    |sub_ln368_fu_348_p2               |         -|   0|  0|   10|           1|           3|
    |sub_ln628_1_fu_372_p2             |         -|   0|  0|   14|           7|           7|
    |sub_ln628_2_fu_464_p2             |         -|   0|  0|   14|           7|           7|
    |sub_ln628_3_fu_473_p2             |         -|   0|  0|   14|           7|           7|
    |sub_ln628_fu_342_p2               |         -|   0|  0|   14|           1|           7|
    |and_ln368_1_fu_651_p2             |       and|   0|  0|    8|           8|           8|
    |and_ln368_2_fu_657_p2             |       and|   0|  0|    8|           8|           8|
    |and_ln368_fu_434_p2               |       and|   0|  0|    8|           8|           8|
    |ap_block_state4_pp0_stage0_iter3  |       and|   0|  0|    2|           1|           1|
    |ap_block_state5_pp0_stage0_iter4  |       and|   0|  0|    2|           1|           1|
    |ap_condition_637                  |       and|   0|  0|    2|           1|           1|
    |ap_condition_641                  |       and|   0|  0|    2|           1|           1|
    |ap_condition_644                  |       and|   0|  0|    2|           1|           1|
    |ap_predicate_op108_read_state4    |       and|   0|  0|    2|           1|           1|
    |in_mat_data1_din                  |       and|   0|  0|    8|           8|           8|
    |p_Result_1_fu_570_p2              |       and|   0|  0|    8|           8|           8|
    |p_Result_2_fu_598_p2              |       and|   0|  0|  128|         128|         128|
    |p_Result_4_fu_523_p2              |       and|   0|  0|  128|         128|         128|
    |p_Result_s_fu_551_p2              |       and|   0|  0|  128|         128|         128|
    |bLast_width_fu_215_p2             |      icmp|   0|  0|   20|          32|          32|
    |icmp_ln1013_fu_204_p2             |      icmp|   0|  0|   20|          32|          32|
    |icmp_ln1024_fu_275_p2             |      icmp|   0|  0|   20|          32|          32|
    |icmp_ln1025_fu_328_p2             |      icmp|   0|  0|   20|          32|           1|
    |icmp_ln1044_fu_227_p2             |      icmp|   0|  0|   20|          32|          32|
    |icmp_ln368_fu_378_p2              |      icmp|   0|  0|   20|          32|          32|
    |icmp_ln628_fu_303_p2              |      icmp|   0|  0|   20|          32|          32|
    |lshr_ln368_1_fu_428_p2            |      lshr|   0|  0|   16|           2|           8|
    |lshr_ln368_fu_564_p2              |      lshr|   0|  0|   16|           2|           8|
    |lshr_ln628_1_fu_545_p2            |      lshr|   0|  0|  423|           2|         128|
    |lshr_ln628_2_fu_592_p2            |      lshr|   0|  0|  423|           2|         128|
    |lshr_ln628_3_fu_511_p2            |      lshr|   0|  0|  423|         128|         128|
    |lshr_ln628_4_fu_517_p2            |      lshr|   0|  0|  423|           2|         128|
    |lshr_ln628_5_fu_686_p2            |      lshr|   0|  0|   16|           2|           8|
    |lshr_ln628_fu_539_p2              |      lshr|   0|  0|  423|         128|         128|
    |ap_block_pp0_stage0_01001         |        or|   0|  0|    2|           1|           1|
    |p_Result_3_fu_662_p2              |        or|   0|  0|    8|           8|           8|
    |j_5_fu_238_p3                     |    select|   0|  0|   32|           1|           1|
    |localbuffer_V_fu_576_p3           |    select|   0|  0|    8|           1|           1|
    |ptr_width_minus_fu_265_p3         |    select|   0|  0|    8|           1|           8|
    |select_ln1018_fu_692_p3           |    select|   0|  0|    8|           1|           8|
    |select_ln1033_fu_281_p3           |    select|   0|  0|    8|           1|           8|
    |select_ln368_1_fu_400_p3          |    select|   0|  0|    3|           1|           3|
    |select_ln368_2_fu_613_p3          |    select|   0|  0|    3|           1|           3|
    |select_ln368_3_fu_639_p3          |    select|   0|  0|    8|           1|           8|
    |select_ln368_fu_392_p3            |    select|   0|  0|    3|           1|           3|
    |select_ln628_1_fu_484_p3          |    select|   0|  0|  107|           1|         128|
    |select_ln628_2_fu_491_p3          |    select|   0|  0|    7|           1|           7|
    |select_ln628_fu_477_p3            |    select|   0|  0|    7|           1|           7|
    |xf_bits_per_clock_fu_220_p3       |    select|   0|  0|    5|           1|           4|
    |shl_ln368_1_fu_422_p2             |       shl|   0|  0|   16|           2|           8|
    |shl_ln368_fu_623_p2               |       shl|   0|  0|   16|           8|           8|
    |ap_enable_pp0                     |       xor|   0|  0|    2|           1|           2|
    |xor_ln368_1_fu_408_p2             |       xor|   0|  0|    3|           3|           2|
    |xor_ln368_2_fu_646_p2             |       xor|   0|  0|    8|           2|           8|
    |xor_ln368_fu_608_p2               |       xor|   0|  0|    3|           3|           2|
    |xor_ln628_1_fu_468_p2             |       xor|   0|  0|    7|           7|           2|
    |xor_ln628_2_fu_497_p2             |       xor|   0|  0|    7|           7|           2|
    |xor_ln628_3_fu_676_p2             |       xor|   0|  0|    3|           3|           2|
    |xor_ln628_fu_583_p2               |       xor|   0|  0|    7|           7|           2|
    +----------------------------------+----------+----+---+-----+------------+------------+
    |Total                             |          |   0|  0| 3339|        1182|        1686|
    +----------------------------------+----------+----+---+-----+------------+------------+

    * Multiplexer: 
    +----------------------------------------------+----+-----------+-----+-----------+
    |                     Name                     | LUT| Input Size| Bits| Total Bits|
    +----------------------------------------------+----+-----------+-----+-----------+
    |ap_done_int                                   |   9|          2|    1|          2|
    |ap_enable_reg_pp0_iter1                       |   9|          2|    1|          2|
    |ap_enable_reg_pp0_iter3                       |   9|          2|    1|          2|
    |ap_phi_mux_localbuffer_V_8_phi_fu_168_p4      |   9|          2|    8|         16|
    |ap_phi_reg_pp0_iter4_localbuffer_V_8_reg_165  |   9|          2|    8|         16|
    |i_fu_98                                       |   9|          2|   31|         62|
    |in_mat_data1_blk_n                            |   9|          2|    1|          2|
    |j_fu_102                                      |   9|          2|   32|         64|
    |ldata1_blk_n                                  |   9|          2|    1|          2|
    |p_Val2_s_fu_106                               |   9|          2|  128|        256|
    |rem_fu_94                                     |  14|          3|   32|         96|
    +----------------------------------------------+----+-----------+-----+-----------+
    |Total                                         | 104|         23|  244|        520|
    +----------------------------------------------+----+-----------+-----+-----------+

    * Register: 
    +----------------------------------------------+-----+----+-----+-----------+
    |                     Name                     |  FF | LUT| Bits| Const Bits|
    +----------------------------------------------+-----+----+-----+-----------+
    |and_ln368_reg_849                             |    8|   0|    8|          0|
    |ap_CS_fsm                                     |    1|   0|    1|          0|
    |ap_done_reg                                   |    1|   0|    1|          0|
    |ap_enable_reg_pp0_iter1                       |    1|   0|    1|          0|
    |ap_enable_reg_pp0_iter2                       |    1|   0|    1|          0|
    |ap_enable_reg_pp0_iter3                       |    1|   0|    1|          0|
    |ap_enable_reg_pp0_iter4                       |    1|   0|    1|          0|
    |ap_loop_exit_ready_pp0_iter2_reg              |    1|   0|    1|          0|
    |ap_loop_exit_ready_pp0_iter3_reg              |    1|   0|    1|          0|
    |ap_phi_reg_pp0_iter1_localbuffer_V_8_reg_165  |    8|   0|    8|          0|
    |ap_phi_reg_pp0_iter2_localbuffer_V_8_reg_165  |    8|   0|    8|          0|
    |ap_phi_reg_pp0_iter3_localbuffer_V_8_reg_165  |    8|   0|    8|          0|
    |ap_phi_reg_pp0_iter4_localbuffer_V_8_reg_165  |    8|   0|    8|          0|
    |bLast_width_reg_774                           |    1|   0|    1|          0|
    |i_fu_98                                       |   31|   0|   31|          0|
    |icmp_ln1013_reg_770                           |    1|   0|    1|          0|
    |icmp_ln1024_reg_791                           |    1|   0|    1|          0|
    |icmp_ln1024_reg_791_pp0_iter3_reg             |    1|   0|    1|          0|
    |icmp_ln1025_reg_816                           |    1|   0|    1|          0|
    |icmp_ln1044_reg_787                           |    1|   0|    1|          0|
    |icmp_ln368_reg_837                            |    1|   0|    1|          0|
    |icmp_ln628_reg_795                            |    1|   0|    1|          0|
    |j_fu_102                                      |   32|   0|   32|          0|
    |p_Result_3_reg_860                            |    8|   0|    8|          0|
    |p_Val2_s_fu_106                               |  128|   0|  128|          0|
    |rem_fu_94                                     |   32|   0|   32|          0|
    |sub_ln368_reg_827                             |    3|   0|    3|          0|
    |sub_ln628_1_reg_832                           |    7|   0|    7|          0|
    |sub_ln628_reg_821                             |    7|   0|    7|          0|
    |trunc_ln368_reg_843                           |    3|   0|    3|          0|
    |trunc_ln628_1_reg_810                         |    7|   0|    7|          0|
    |trunc_ln628_reg_802                           |    7|   0|    7|          0|
    |xf_bits_per_clock_reg_781                     |    4|   0|    4|          0|
    |bLast_width_reg_774                           |   64|  32|    1|          0|
    |icmp_ln1013_reg_770                           |   64|  32|    1|          0|
    |icmp_ln1044_reg_787                           |   64|  32|    1|          0|
    +----------------------------------------------+-----+----+-----+-----------+
    |Total                                         |  517|  96|  328|          0|
    +----------------------------------------------+-----+----+-----+-----------+



================================================================
== Interface
================================================================
* Summary: 
+-----------------------------+-----+-----+------------+-------------------------------------------------+--------------+
|          RTL Ports          | Dir | Bits|  Protocol  |                  Source Object                  |    C Type    |
+-----------------------------+-----+-----+------------+-------------------------------------------------+--------------+
|ap_clk                       |   in|    1|  ap_ctrl_hs|  AxiStream2MatStream<2>_Pipeline_MMIterInLoopRow|  return value|
|ap_rst                       |   in|    1|  ap_ctrl_hs|  AxiStream2MatStream<2>_Pipeline_MMIterInLoopRow|  return value|
|ap_start                     |   in|    1|  ap_ctrl_hs|  AxiStream2MatStream<2>_Pipeline_MMIterInLoopRow|  return value|
|ap_done                      |  out|    1|  ap_ctrl_hs|  AxiStream2MatStream<2>_Pipeline_MMIterInLoopRow|  return value|
|ap_idle                      |  out|    1|  ap_ctrl_hs|  AxiStream2MatStream<2>_Pipeline_MMIterInLoopRow|  return value|
|ap_ready                     |  out|    1|  ap_ctrl_hs|  AxiStream2MatStream<2>_Pipeline_MMIterInLoopRow|  return value|
|ldata1_dout                  |   in|  128|     ap_fifo|                                           ldata1|       pointer|
|ldata1_num_data_valid        |   in|    2|     ap_fifo|                                           ldata1|       pointer|
|ldata1_fifo_cap              |   in|    2|     ap_fifo|                                           ldata1|       pointer|
|ldata1_empty_n               |   in|    1|     ap_fifo|                                           ldata1|       pointer|
|ldata1_read                  |  out|    1|     ap_fifo|                                           ldata1|       pointer|
|in_mat_data1_din             |  out|    8|     ap_fifo|                                     in_mat_data1|       pointer|
|in_mat_data1_num_data_valid  |   in|    2|     ap_fifo|                                     in_mat_data1|       pointer|
|in_mat_data1_fifo_cap        |   in|    2|     ap_fifo|                                     in_mat_data1|       pointer|
|in_mat_data1_full_n          |   in|    1|     ap_fifo|                                     in_mat_data1|       pointer|
|in_mat_data1_write           |  out|    1|     ap_fifo|                                     in_mat_data1|       pointer|
|bound                        |   in|   32|     ap_none|                                            bound|        scalar|
|sext_ln1033                  |   in|    5|     ap_none|                                      sext_ln1033|        scalar|
|cols_bound_per_npc_load      |   in|   32|     ap_none|                          cols_bound_per_npc_load|        scalar|
|sub                          |   in|   32|     ap_none|                                              sub|        scalar|
|last_blk_width_load          |   in|    4|     ap_none|                              last_blk_width_load|        scalar|
|sub5                         |   in|    8|     ap_none|                                             sub5|        scalar|
|add_ln1033                   |   in|    8|     ap_none|                                       add_ln1033|        scalar|
+-----------------------------+-----+-----+------------+-------------------------------------------------+--------------+

