

================================================================
== Vitis HLS Report for 'Axi2AxiStream'
================================================================
* Date:           Fri Sep  6 14:01:32 2024

* Version:        2022.2 (Build 3670227 on Oct 13 2022)
* Project:        histoframe_accel
* Solution:       solution (Vitis Kernel Flow Target)
* Product family: zynquplus
* Target device:  xck26-sfvc784-2LV-c


================================================================
== Performance Estimates
================================================================
+ Timing: 
    * Summary: 
    +--------+---------+----------+------------+
    |  Clock |  Target | Estimated| Uncertainty|
    +--------+---------+----------+------------+
    |ap_clk  |  3.33 ns|  2.433 ns|     0.90 ns|
    +--------+---------+----------+------------+

+ Latency: 
    * Summary: 
    +---------+---------+----------+----------+-----+--------+---------+
    |  Latency (cycles) |  Latency (absolute) |   Interval   | Pipeline|
    |   min   |   max   |    min   |    max   | min |   max  |   Type  |
    +---------+---------+----------+----------+-----+--------+---------+
    |       76|   115275|  0.253 us|  0.384 ms|   76|  115275|       no|
    +---------+---------+----------+----------+-----+--------+---------+

    + Detail: 
        * Instance: 
        +------------------------------------------------+--------------------------------------+---------+---------+-----------+----------+-----+--------+---------+
        |                                                |                                      |  Latency (cycles) |  Latency (absolute)  |   Interval   | Pipeline|
        |                    Instance                    |                Module                |   min   |   max   |    min    |    max   | min |   max  |   Type  |
        +------------------------------------------------+--------------------------------------+---------+---------+-----------+----------+-----+--------+---------+
        |grp_Axi2AxiStream_Pipeline_MMIterInLoop1_fu_64  |Axi2AxiStream_Pipeline_MMIterInLoop1  |        4|   115203|  13.332 ns|  0.384 ms|    4|  115203|       no|
        +------------------------------------------------+--------------------------------------+---------+---------+-----------+----------+-----+--------+---------+

        * Loop: 
        N/A



================================================================
== Utilization Estimates
================================================================
* Summary: 
+-----------------+---------+------+--------+--------+-----+
|       Name      | BRAM_18K|  DSP |   FF   |   LUT  | URAM|
+-----------------+---------+------+--------+--------+-----+
|DSP              |        -|     -|       -|       -|    -|
|Expression       |        -|     -|       0|       2|    -|
|FIFO             |        -|     -|       -|       -|    -|
|Instance         |        -|     -|     152|      98|    -|
|Memory           |        -|     -|       -|       -|    -|
|Multiplexer      |        -|     -|       -|     548|    -|
|Register         |        -|     -|     135|       -|    -|
+-----------------+---------+------+--------+--------+-----+
|Total            |        0|     0|     287|     648|    0|
+-----------------+---------+------+--------+--------+-----+
|Available        |      288|  1248|  234240|  117120|   64|
+-----------------+---------+------+--------+--------+-----+
|Utilization (%)  |        0|     0|      ~0|      ~0|    0|
+-----------------+---------+------+--------+--------+-----+

+ Detail: 
    * Instance: 
    +------------------------------------------------+--------------------------------------+---------+----+-----+----+-----+
    |                    Instance                    |                Module                | BRAM_18K| DSP|  FF | LUT| URAM|
    +------------------------------------------------+--------------------------------------+---------+----+-----+----+-----+
    |grp_Axi2AxiStream_Pipeline_MMIterInLoop1_fu_64  |Axi2AxiStream_Pipeline_MMIterInLoop1  |        0|   0|  152|  98|    0|
    +------------------------------------------------+--------------------------------------+---------+----+-----+----+-----+
    |Total                                           |                                      |        0|   0|  152|  98|    0|
    +------------------------------------------------+--------------------------------------+---------+----+-----+----+-----+

    * DSP: 
    N/A

    * Memory: 
    N/A

    * FIFO: 
    N/A

    * Expression: 
    +-----------------+----------+----+---+----+------------+------------+
    |  Variable Name  | Operation| DSP| FF| LUT| Bitwidth P0| Bitwidth P1|
    +-----------------+----------+----+---+----+------------+------------+
    |ap_block_state1  |        or|   0|  0|   2|           1|           1|
    +-----------------+----------+----+---+----+------------+------------+
    |Total            |          |   0|  0|   2|           1|           1|
    +-----------------+----------+----+---+----+------------+------------+

    * Multiplexer: 
    +----------------------+-----+-----------+-----+-----------+
    |         Name         | LUT | Input Size| Bits| Total Bits|
    +----------------------+-----+-----------+-----+-----------+
    |ap_NS_fsm             |  389|         74|    1|         74|
    |ap_done               |    9|          2|    1|          2|
    |gmem1_blk_n_AR        |    9|          2|    1|          2|
    |ldata1_write          |    9|          2|    1|          2|
    |m_axi_gmem1_ARADDR    |   14|          3|   64|        192|
    |m_axi_gmem1_ARBURST   |    9|          2|    2|          4|
    |m_axi_gmem1_ARCACHE   |    9|          2|    4|          8|
    |m_axi_gmem1_ARID      |    9|          2|    1|          2|
    |m_axi_gmem1_ARLEN     |   14|          3|   32|         96|
    |m_axi_gmem1_ARLOCK    |    9|          2|    2|          4|
    |m_axi_gmem1_ARPROT    |    9|          2|    3|          6|
    |m_axi_gmem1_ARQOS     |    9|          2|    4|          8|
    |m_axi_gmem1_ARREGION  |    9|          2|    4|          8|
    |m_axi_gmem1_ARSIZE    |    9|          2|    3|          6|
    |m_axi_gmem1_ARUSER    |    9|          2|    1|          2|
    |m_axi_gmem1_ARVALID   |   14|          3|    1|          3|
    |m_axi_gmem1_RREADY    |    9|          2|    1|          2|
    +----------------------+-----+-----------+-----+-----------+
    |Total                 |  548|        109|  126|        421|
    +----------------------+-----+-----------+-----+-----------+

    * Register: 
    +-------------------------------------------------------------+----+----+-----+-----------+
    |                             Name                            | FF | LUT| Bits| Const Bits|
    +-------------------------------------------------------------+----+----+-----+-----------+
    |ap_CS_fsm                                                    |  73|   0|   73|          0|
    |ap_done_reg                                                  |   1|   0|    1|          0|
    |grp_Axi2AxiStream_Pipeline_MMIterInLoop1_fu_64_ap_start_reg  |   1|   0|    1|          0|
    |trunc_ln_reg_105                                             |  60|   0|   60|          0|
    +-------------------------------------------------------------+----+----+-----+-----------+
    |Total                                                        | 135|   0|  135|          0|
    +-------------------------------------------------------------+----+----+-----+-----------+



================================================================
== Interface
================================================================
* Summary: 
+-----------------------+-----+-----+------------+---------------+--------------+
|       RTL Ports       | Dir | Bits|  Protocol  | Source Object |    C Type    |
+-----------------------+-----+-----+------------+---------------+--------------+
|ap_clk                 |   in|    1|  ap_ctrl_hs|  Axi2AxiStream|  return value|
|ap_rst                 |   in|    1|  ap_ctrl_hs|  Axi2AxiStream|  return value|
|ap_start               |   in|    1|  ap_ctrl_hs|  Axi2AxiStream|  return value|
|ap_done                |  out|    1|  ap_ctrl_hs|  Axi2AxiStream|  return value|
|ap_continue            |   in|    1|  ap_ctrl_hs|  Axi2AxiStream|  return value|
|ap_idle                |  out|    1|  ap_ctrl_hs|  Axi2AxiStream|  return value|
|ap_ready               |  out|    1|  ap_ctrl_hs|  Axi2AxiStream|  return value|
|m_axi_gmem1_AWVALID    |  out|    1|       m_axi|          gmem1|       pointer|
|m_axi_gmem1_AWREADY    |   in|    1|       m_axi|          gmem1|       pointer|
|m_axi_gmem1_AWADDR     |  out|   64|       m_axi|          gmem1|       pointer|
|m_axi_gmem1_AWID       |  out|    1|       m_axi|          gmem1|       pointer|
|m_axi_gmem1_AWLEN      |  out|   32|       m_axi|          gmem1|       pointer|
|m_axi_gmem1_AWSIZE     |  out|    3|       m_axi|          gmem1|       pointer|
|m_axi_gmem1_AWBURST    |  out|    2|       m_axi|          gmem1|       pointer|
|m_axi_gmem1_AWLOCK     |  out|    2|       m_axi|          gmem1|       pointer|
|m_axi_gmem1_AWCACHE    |  out|    4|       m_axi|          gmem1|       pointer|
|m_axi_gmem1_AWPROT     |  out|    3|       m_axi|          gmem1|       pointer|
|m_axi_gmem1_AWQOS      |  out|    4|       m_axi|          gmem1|       pointer|
|m_axi_gmem1_AWREGION   |  out|    4|       m_axi|          gmem1|       pointer|
|m_axi_gmem1_AWUSER     |  out|    1|       m_axi|          gmem1|       pointer|
|m_axi_gmem1_WVALID     |  out|    1|       m_axi|          gmem1|       pointer|
|m_axi_gmem1_WREADY     |   in|    1|       m_axi|          gmem1|       pointer|
|m_axi_gmem1_WDATA      |  out|  128|       m_axi|          gmem1|       pointer|
|m_axi_gmem1_WSTRB      |  out|   16|       m_axi|          gmem1|       pointer|
|m_axi_gmem1_WLAST      |  out|    1|       m_axi|          gmem1|       pointer|
|m_axi_gmem1_WID        |  out|    1|       m_axi|          gmem1|       pointer|
|m_axi_gmem1_WUSER      |  out|    1|       m_axi|          gmem1|       pointer|
|m_axi_gmem1_ARVALID    |  out|    1|       m_axi|          gmem1|       pointer|
|m_axi_gmem1_ARREADY    |   in|    1|       m_axi|          gmem1|       pointer|
|m_axi_gmem1_ARADDR     |  out|   64|       m_axi|          gmem1|       pointer|
|m_axi_gmem1_ARID       |  out|    1|       m_axi|          gmem1|       pointer|
|m_axi_gmem1_ARLEN      |  out|   32|       m_axi|          gmem1|       pointer|
|m_axi_gmem1_ARSIZE     |  out|    3|       m_axi|          gmem1|       pointer|
|m_axi_gmem1_ARBURST    |  out|    2|       m_axi|          gmem1|       pointer|
|m_axi_gmem1_ARLOCK     |  out|    2|       m_axi|          gmem1|       pointer|
|m_axi_gmem1_ARCACHE    |  out|    4|       m_axi|          gmem1|       pointer|
|m_axi_gmem1_ARPROT     |  out|    3|       m_axi|          gmem1|       pointer|
|m_axi_gmem1_ARQOS      |  out|    4|       m_axi|          gmem1|       pointer|
|m_axi_gmem1_ARREGION   |  out|    4|       m_axi|          gmem1|       pointer|
|m_axi_gmem1_ARUSER     |  out|    1|       m_axi|          gmem1|       pointer|
|m_axi_gmem1_RVALID     |   in|    1|       m_axi|          gmem1|       pointer|
|m_axi_gmem1_RREADY     |  out|    1|       m_axi|          gmem1|       pointer|
|m_axi_gmem1_RDATA      |   in|  128|       m_axi|          gmem1|       pointer|
|m_axi_gmem1_RLAST      |   in|    1|       m_axi|          gmem1|       pointer|
|m_axi_gmem1_RID        |   in|    1|       m_axi|          gmem1|       pointer|
|m_axi_gmem1_RFIFONUM   |   in|    9|       m_axi|          gmem1|       pointer|
|m_axi_gmem1_RUSER      |   in|    1|       m_axi|          gmem1|       pointer|
|m_axi_gmem1_RRESP      |   in|    2|       m_axi|          gmem1|       pointer|
|m_axi_gmem1_BVALID     |   in|    1|       m_axi|          gmem1|       pointer|
|m_axi_gmem1_BREADY     |  out|    1|       m_axi|          gmem1|       pointer|
|m_axi_gmem1_BRESP      |   in|    2|       m_axi|          gmem1|       pointer|
|m_axi_gmem1_BID        |   in|    1|       m_axi|          gmem1|       pointer|
|m_axi_gmem1_BUSER      |   in|    1|       m_axi|          gmem1|       pointer|
|din                    |   in|   64|     ap_none|            din|        scalar|
|ldata1_din             |  out|  128|     ap_fifo|         ldata1|       pointer|
|ldata1_num_data_valid  |   in|    2|     ap_fifo|         ldata1|       pointer|
|ldata1_fifo_cap        |   in|    2|     ap_fifo|         ldata1|       pointer|
|ldata1_full_n          |   in|    1|     ap_fifo|         ldata1|       pointer|
|ldata1_write           |  out|    1|     ap_fifo|         ldata1|       pointer|
|p_read                 |   in|   18|     ap_none|         p_read|        scalar|
+-----------------------+-----+-----+------------+---------------+--------------+

