

================================================================
== Vitis HLS Report for 'MatStream2AxiStream_2_Pipeline_MMIterOutRow_MMIterOutCol'
================================================================
* Date:           Fri Sep  6 14:01:33 2024

* Version:        2022.2 (Build 3670227 on Oct 13 2022)
* Project:        histoframe_accel
* Solution:       solution (Vitis Kernel Flow Target)
* Product family: zynquplus
* Target device:  xck26-sfvc784-2LV-c


================================================================
== Performance Estimates
================================================================
+ Timing: 
    * Summary: 
    +--------+---------+----------+------------+
    |  Clock |  Target | Estimated| Uncertainty|
    +--------+---------+----------+------------+
    |ap_clk  |  3.33 ns|  2.404 ns|     0.90 ns|
    +--------+---------+----------+------------+

+ Latency: 
    * Summary: 
    +---------+---------+-----------+----------+-----+--------+---------+
    |  Latency (cycles) |  Latency (absolute)  |   Interval   | Pipeline|
    |   min   |   max   |    min    |    max   | min |   max  |   Type  |
    +---------+---------+-----------+----------+-----+--------+---------+
    |        5|   921604|  16.665 ns|  3.072 ms|    5|  921604|       no|
    +---------+---------+-----------+----------+-----+--------+---------+

    + Detail: 
        * Instance: 
        N/A

        * Loop: 
        +-----------------------------+---------+---------+----------+-----------+-----------+------------+----------+
        |                             |  Latency (cycles) | Iteration|  Initiation Interval  |    Trip    |          |
        |          Loop Name          |   min   |   max   |  Latency |  achieved |   target  |    Count   | Pipelined|
        +-----------------------------+---------+---------+----------+-----------+-----------+------------+----------+
        |- MMIterOutRow_MMIterOutCol  |        3|   921602|         4|          1|          1|  1 ~ 921600|       yes|
        +-----------------------------+---------+---------+----------+-----------+-----------+------------+----------+



================================================================
== Utilization Estimates
================================================================
* Summary: 
+-----------------+---------+------+--------+--------+-----+
|       Name      | BRAM_18K|  DSP |   FF   |   LUT  | URAM|
+-----------------+---------+------+--------+--------+-----+
|DSP              |        -|     -|       -|       -|    -|
|Expression       |        -|     -|       0|    1748|    -|
|FIFO             |        -|     -|       -|       -|    -|
|Instance         |        -|     -|       -|       -|    -|
|Memory           |        -|     -|       -|       -|    -|
|Multiplexer      |        -|     -|       -|     127|    -|
|Register         |        -|     -|     396|      32|    -|
+-----------------+---------+------+--------+--------+-----+
|Total            |        0|     0|     396|    1907|    0|
+-----------------+---------+------+--------+--------+-----+
|Available        |      288|  1248|  234240|  117120|   64|
+-----------------+---------+------+--------+--------+-----+
|Utilization (%)  |        0|     0|      ~0|       1|    0|
+-----------------+---------+------+--------+--------+-----+

+ Detail: 
    * Instance: 
    N/A

    * DSP: 
    N/A

    * Memory: 
    N/A

    * FIFO: 
    N/A

    * Expression: 
    +----------------------------------+----------+----+---+-----+------------+------------+
    |           Variable Name          | Operation| DSP| FF| LUT | Bitwidth P0| Bitwidth P1|
    +----------------------------------+----------+----+---+-----+------------+------------+
    |add_ln1027_fu_207_p2              |         +|   0|  0|   39|          32|           1|
    |add_ln840_fu_247_p2               |         +|   0|  0|   23|          16|           1|
    |filled_next_fu_311_p2             |         +|   0|  0|   15|           8|           8|
    |ret_V_1_fu_292_p2                 |         -|   0|  0|   16|           8|           9|
    |sub_ln1277_fu_276_p2              |         -|   0|  0|   16|           9|           8|
    |sub_ln553_fu_355_p2               |         -|   0|  0|   14|           1|           7|
    |ap_block_state4_pp0_stage0_iter3  |       and|   0|  0|    2|           1|           1|
    |ap_block_state5_pp0_stage0_iter4  |       and|   0|  0|    2|           1|           1|
    |ap_condition_411                  |       and|   0|  0|    2|           1|           1|
    |ap_condition_414                  |       and|   0|  0|    2|           1|           1|
    |ap_predicate_op45_read_state4     |       and|   0|  0|    2|           1|           1|
    |ap_predicate_op66_write_state5    |       and|   0|  0|    2|           1|           1|
    |bLast_fu_237_p2                   |      icmp|   0|  0|   20|          32|          32|
    |icmp_ln1027_1_fu_216_p2           |      icmp|   0|  0|   13|          16|          16|
    |icmp_ln1027_2_fu_242_p2           |      icmp|   0|  0|   20|          32|          32|
    |icmp_ln1027_3_fu_282_p2           |      icmp|   0|  0|   11|           8|           8|
    |icmp_ln1027_fu_202_p2             |      icmp|   0|  0|   20|          32|          32|
    |r_V_2_fu_374_p2                   |      lshr|   0|  0|  423|         128|         128|
    |ap_block_pp0_stage0_01001         |        or|   0|  0|    2|           1|           1|
    |ldata1_din                        |        or|   0|  0|  128|         128|         128|
    |localbuffer_V_3_fu_380_p3         |    select|   0|  0|  107|           1|         128|
    |select_ln1247_fu_221_p3           |    select|   0|  0|   16|           1|           1|
    |xf_bits_per_clock_fu_261_p3       |    select|   0|  0|    5|           1|           4|
    |r_V_3_fu_332_p2                   |       shl|   0|  0|  423|         128|         128|
    |r_V_fu_364_p2                     |       shl|   0|  0|  423|         128|         128|
    |ap_enable_pp0                     |       xor|   0|  0|    2|           1|           2|
    +----------------------------------+----------+----+---+-----+------------+------------+
    |Total                             |          |   0|  0| 1748|         717|         808|
    +----------------------------------+----------+----+---+-----+------------+------------+

    * Multiplexer: 
    +----------------------------------------------+----+-----------+-----+-----------+
    |                     Name                     | LUT| Input Size| Bits| Total Bits|
    +----------------------------------------------+----+-----------+-----+-----------+
    |ap_done_int                                   |   9|          2|    1|          2|
    |ap_enable_reg_pp0_iter1                       |   9|          2|    1|          2|
    |ap_enable_reg_pp0_iter4                       |   9|          2|    1|          2|
    |ap_phi_mux_conv3_i12_i_i923_pn_phi_fu_162_p4  |  14|          3|    8|         24|
    |ap_phi_reg_pp0_iter3_val_V_1_reg_168          |   9|          2|   24|         48|
    |ap_phi_reg_pp0_iter4_val_V_1_reg_168          |   9|          2|   24|         48|
    |ap_sig_allocacmp_j_V_load                     |   9|          2|   16|         32|
    |filled_V_fu_86                                |   9|          2|    8|         16|
    |indvar_flatten_fu_98                          |   9|          2|   32|         64|
    |j_V_fu_94                                     |   9|          2|   16|         32|
    |ldata1_blk_n                                  |   9|          2|    1|          2|
    |localbuffer_V_fu_90                           |  14|          3|  128|        384|
    |out_mat_data2_blk_n                           |   9|          2|    1|          2|
    +----------------------------------------------+----+-----------+-----+-----------+
    |Total                                         | 127|         28|  261|        658|
    +----------------------------------------------+----+-----------+-----+-----------+

    * Register: 
    +--------------------------------------+-----+----+-----+-----------+
    |                 Name                 |  FF | LUT| Bits| Const Bits|
    +--------------------------------------+-----+----+-----+-----------+
    |ap_CS_fsm                             |    1|   0|    1|          0|
    |ap_done_reg                           |    1|   0|    1|          0|
    |ap_enable_reg_pp0_iter1               |    1|   0|    1|          0|
    |ap_enable_reg_pp0_iter2               |    1|   0|    1|          0|
    |ap_enable_reg_pp0_iter3               |    1|   0|    1|          0|
    |ap_enable_reg_pp0_iter4               |    1|   0|    1|          0|
    |ap_loop_exit_ready_pp0_iter2_reg      |    1|   0|    1|          0|
    |ap_loop_exit_ready_pp0_iter3_reg      |    1|   0|    1|          0|
    |ap_phi_reg_pp0_iter1_val_V_1_reg_168  |   24|   0|   24|          0|
    |ap_phi_reg_pp0_iter2_val_V_1_reg_168  |   24|   0|   24|          0|
    |ap_phi_reg_pp0_iter3_val_V_1_reg_168  |   24|   0|   24|          0|
    |ap_phi_reg_pp0_iter4_val_V_1_reg_168  |   24|   0|   24|          0|
    |bLast_reg_467                         |    1|   0|    1|          0|
    |filled_V_3_reg_476                    |    8|   0|    8|          0|
    |filled_V_fu_86                        |    8|   0|    8|          0|
    |icmp_ln1027_2_reg_472                 |    1|   0|    1|          0|
    |icmp_ln1027_3_reg_486                 |    1|   0|    1|          0|
    |icmp_ln1027_reg_457                   |    1|   0|    1|          0|
    |indvar_flatten_fu_98                  |   32|   0|   32|          0|
    |j_V_fu_94                             |   16|   0|   16|          0|
    |localbuffer_V_fu_90                   |  128|   0|  128|          0|
    |ret_V_1_reg_490                       |    9|   0|    9|          0|
    |select_ln1247_reg_461                 |   16|   0|   16|          0|
    |trunc_ln938_reg_496                   |    7|   0|    7|          0|
    |icmp_ln1027_reg_457                   |   64|  32|    1|          0|
    +--------------------------------------+-----+----+-----+-----------+
    |Total                                 |  396|  32|  333|          0|
    +--------------------------------------+-----+----+-----+-----------+



================================================================
== Interface
================================================================
* Summary: 
+----------------------------------+-----+-----+------------+-----------------------------------------------------------+--------------+
|             RTL Ports            | Dir | Bits|  Protocol  |                       Source Object                       |    C Type    |
+----------------------------------+-----+-----+------------+-----------------------------------------------------------+--------------+
|ap_clk                            |   in|    1|  ap_ctrl_hs|  MatStream2AxiStream<2>_Pipeline_MMIterOutRow_MMIterOutCol|  return value|
|ap_rst                            |   in|    1|  ap_ctrl_hs|  MatStream2AxiStream<2>_Pipeline_MMIterOutRow_MMIterOutCol|  return value|
|ap_start                          |   in|    1|  ap_ctrl_hs|  MatStream2AxiStream<2>_Pipeline_MMIterOutRow_MMIterOutCol|  return value|
|ap_done                           |  out|    1|  ap_ctrl_hs|  MatStream2AxiStream<2>_Pipeline_MMIterOutRow_MMIterOutCol|  return value|
|ap_idle                           |  out|    1|  ap_ctrl_hs|  MatStream2AxiStream<2>_Pipeline_MMIterOutRow_MMIterOutCol|  return value|
|ap_ready                          |  out|    1|  ap_ctrl_hs|  MatStream2AxiStream<2>_Pipeline_MMIterOutRow_MMIterOutCol|  return value|
|out_mat_data2_dout                |   in|   24|     ap_fifo|                                              out_mat_data2|       pointer|
|out_mat_data2_num_data_valid      |   in|    2|     ap_fifo|                                              out_mat_data2|       pointer|
|out_mat_data2_fifo_cap            |   in|    2|     ap_fifo|                                              out_mat_data2|       pointer|
|out_mat_data2_empty_n             |   in|    1|     ap_fifo|                                              out_mat_data2|       pointer|
|out_mat_data2_read                |  out|    1|     ap_fifo|                                              out_mat_data2|       pointer|
|ldata1_din                        |  out|  128|     ap_fifo|                                                     ldata1|       pointer|
|ldata1_num_data_valid             |   in|    2|     ap_fifo|                                                     ldata1|       pointer|
|ldata1_fifo_cap                   |   in|    2|     ap_fifo|                                                     ldata1|       pointer|
|ldata1_full_n                     |   in|    1|     ap_fifo|                                                     ldata1|       pointer|
|ldata1_write                      |  out|    1|     ap_fifo|                                                     ldata1|       pointer|
|bound                             |   in|   32|     ap_none|                                                      bound|        scalar|
|strideBased_cols_bound_per_npc_V  |   in|   16|     ap_none|                           strideBased_cols_bound_per_npc_V|        scalar|
|op2_assign                        |   in|   32|     ap_none|                                                 op2_assign|        scalar|
|last_blk_width_load               |   in|    4|     ap_none|                                        last_blk_width_load|        scalar|
|cols_bound_per_npc_load           |   in|   32|     ap_none|                                    cols_bound_per_npc_load|        scalar|
|localbuffer_V_3_out               |  out|  128|      ap_vld|                                        localbuffer_V_3_out|       pointer|
|localbuffer_V_3_out_ap_vld        |  out|    1|      ap_vld|                                        localbuffer_V_3_out|       pointer|
|filled_V_1_out                    |  out|    8|      ap_vld|                                             filled_V_1_out|       pointer|
|filled_V_1_out_ap_vld             |  out|    1|      ap_vld|                                             filled_V_1_out|       pointer|
+----------------------------------+-----+-----+------------+-----------------------------------------------------------+--------------+

