

================================================================
== Vitis HLS Report for 'AxiStream2Axi_Pipeline_MMIterOutLoop2'
================================================================
* Date:           Fri Sep  6 14:01:31 2024

* Version:        2022.2 (Build 3670227 on Oct 13 2022)
* Project:        histoframe_accel
* Solution:       solution (Vitis Kernel Flow Target)
* Product family: zynquplus
* Target device:  xck26-sfvc784-2LV-c


================================================================
== Performance Estimates
================================================================
+ Timing: 
    * Summary: 
    +--------+---------+----------+------------+
    |  Clock |  Target | Estimated| Uncertainty|
    +--------+---------+----------+------------+
    |ap_clk  |  3.33 ns|  2.433 ns|     0.90 ns|
    +--------+---------+----------+------------+

+ Latency: 
    * Summary: 
    +---------+---------+-----------+----------+-----+--------+---------+
    |  Latency (cycles) |  Latency (absolute)  |   Interval   | Pipeline|
    |   min   |   max   |    min    |    max   | min |   max  |   Type  |
    +---------+---------+-----------+----------+-----+--------+---------+
    |        4|   172803|  13.332 ns|  0.576 ms|    4|  172803|       no|
    +---------+---------+-----------+----------+-----+--------+---------+

    + Detail: 
        * Instance: 
        N/A

        * Loop: 
        +------------------+---------+---------+----------+-----------+-----------+------------+----------+
        |                  |  Latency (cycles) | Iteration|  Initiation Interval  |    Trip    |          |
        |     Loop Name    |   min   |   max   |  Latency |  achieved |   target  |    Count   | Pipelined|
        +------------------+---------+---------+----------+-----------+-----------+------------+----------+
        |- MMIterOutLoop2  |        2|   172801|         3|          1|          1|  1 ~ 172800|       yes|
        +------------------+---------+---------+----------+-----------+-----------+------------+----------+

============================================================
+ Verbose Summary: Synthesis Manager
============================================================
InlineROM: 1
ExposeGlobal: 0
============================================================
+ Verbose Summary: CDFG Model
============================================================
IsTopModel: 0
ResetActiveHigh: 1
IsCombinational: 0
IsDatapathOnly: 0
HasWiredReturn: 1
HasMFsm: 2
HasVarLatency: 1
IsPipeline: 0
IsRtlPipelined: 0
IsInstanceOverlapped: 0
IsDontTouch: 0
HasImplIP: 0
IsGatedGlobalClock: 0

+ Individual pipeline summary: 
  * Pipeline-0: initiation interval (II) = 1, depth = 3


============================================================
+ Verbose Summary: Schedule
============================================================
* Number of FSM states : 3
* Pipeline : 1
  Pipeline-0 : II = 1, D = 3, States = { 1 2 3 }
* Dataflow Pipeline: 0

* FSM state transitions: 
1 --> 2 
2 --> 3 
3 --> 

* FSM state operations: 

State 1 <SV = 0> <Delay = 1.50>
ST_1 : Operation 6 [1/1] (0.00ns)   --->   "%i_V = alloca i32 1"   --->   Operation 6 'alloca' 'i_V' <Predicate = true> <Delay = 0.00>
ST_1 : Operation 7 [1/1] (0.00ns)   --->   "%p_read_3 = read i19 @_ssdm_op_Read.ap_auto.i19, i19 %p_read"   --->   Operation 7 'read' 'p_read_3' <Predicate = true> <Delay = 0.00>
ST_1 : Operation 8 [1/1] (0.00ns)   --->   "%sext_ln1332_read = read i60 @_ssdm_op_Read.ap_auto.i60, i60 %sext_ln1332"   --->   Operation 8 'read' 'sext_ln1332_read' <Predicate = true> <Delay = 0.00>
ST_1 : Operation 9 [1/1] (0.00ns)   --->   "%sext_ln1332_cast = sext i60 %sext_ln1332_read"   --->   Operation 9 'sext' 'sext_ln1332_cast' <Predicate = true> <Delay = 0.00>
ST_1 : Operation 10 [1/1] (0.00ns)   --->   "%specinterface_ln0 = specinterface void @_ssdm_op_SpecInterface, i128 %gmem2, void @empty_16, i32 0, i32 0, void @empty_17, i32 64, i32 57600, void @empty_19, void @empty_18, void @empty_17, i32 16, i32 16, i32 16, i32 16, void @empty_17, void @empty_17, i32 4294967295, i32 0"   --->   Operation 10 'specinterface' 'specinterface_ln0' <Predicate = true> <Delay = 0.00>
ST_1 : Operation 11 [1/1] (0.00ns)   --->   "%specinterface_ln0 = specinterface void @_ssdm_op_SpecInterface, i128 %ldata1, void @empty_11, i32 0, i32 0, void @empty_17, i32 0, i32 0, void @empty_17, void @empty_17, void @empty_17, i32 0, i32 0, i32 0, i32 0, void @empty_17, void @empty_17, i32 4294967295, i32 0"   --->   Operation 11 'specinterface' 'specinterface_ln0' <Predicate = true> <Delay = 0.00>
ST_1 : Operation 12 [1/1] (0.42ns)   --->   "%store_ln0 = store i19 0, i19 %i_V"   --->   Operation 12 'store' 'store_ln0' <Predicate = true> <Delay = 0.42>
ST_1 : Operation 13 [1/1] (0.00ns)   --->   "%br_ln0 = br void %for.inc"   --->   Operation 13 'br' 'br_ln0' <Predicate = true> <Delay = 0.00>
ST_1 : Operation 14 [1/1] (0.00ns)   --->   "%i_V_1 = load i19 %i_V"   --->   Operation 14 'load' 'i_V_1' <Predicate = true> <Delay = 0.00>
ST_1 : Operation 15 [1/1] (1.08ns)   --->   "%icmp_ln1027 = icmp_eq  i19 %i_V_1, i19 %p_read_3"   --->   Operation 15 'icmp' 'icmp_ln1027' <Predicate = true> <Delay = 1.08> <CoreInst = "Cmp">   --->   Core 9 'Cmp' <Latency = 0> <II = 1> <Delay = 1.08> <FuncUnit> <Opcode : 'icmp'> <InPorts = 2> <OutPorts = 1>
ST_1 : Operation 16 [1/1] (0.88ns)   --->   "%add_ln840 = add i19 %i_V_1, i19 1"   --->   Operation 16 'add' 'add_ln840' <Predicate = true> <Delay = 0.88> <CoreInst = "Adder">   --->   Core 1 'Adder' <Latency = 0> <II = 1> <Delay = 0.88> <FuncUnit> <Opcode : 'add' 'sub'> <InPorts = 2> <OutPorts = 1>
ST_1 : Operation 17 [1/1] (0.00ns)   --->   "%br_ln1332 = br i1 %icmp_ln1027, void %for.inc.split, void %for.end.loopexit.exitStub" [/media/abhidan/sata/temp/acceleration_2/Vitis-AI-3.0/examples/waa/plugins/include/pl/common/xf_structs.hpp:1332]   --->   Operation 17 'br' 'br_ln1332' <Predicate = true> <Delay = 0.00>
ST_1 : Operation 18 [1/1] (0.42ns)   --->   "%store_ln1332 = store i19 %add_ln840, i19 %i_V" [/media/abhidan/sata/temp/acceleration_2/Vitis-AI-3.0/examples/waa/plugins/include/pl/common/xf_structs.hpp:1332]   --->   Operation 18 'store' 'store_ln1332' <Predicate = (!icmp_ln1027)> <Delay = 0.42>

State 2 <SV = 1> <Delay = 1.21>
ST_2 : Operation 19 [1/1] (0.00ns)   --->   "%gmem2_addr = getelementptr i128 %gmem2, i64 %sext_ln1332_cast" [/media/abhidan/sata/temp/acceleration_2/Vitis-AI-3.0/examples/waa/plugins/include/pl/common/xf_structs.hpp:1332]   --->   Operation 19 'getelementptr' 'gmem2_addr' <Predicate = true> <Delay = 0.00>
ST_2 : Operation 20 [1/1] (1.21ns)   --->   "%ldata1_read = read i128 @_ssdm_op_Read.ap_fifo.volatile.i128P0A, i128 %ldata1" [/media/abhidan/sata/temp/acceleration_2/Vitis-AI-3.0/examples/waa/plugins/include/pl/common/xf_structs.hpp:1337]   --->   Operation 20 'read' 'ldata1_read' <Predicate = (!icmp_ln1027)> <Delay = 1.21> <CoreInst = "FIFO_SRL">   --->   Core 81 'FIFO_SRL' <Latency = 0> <II = 1> <Delay = 1.83> <Storage> <Opcode : 'read' 'write' 'nbread' 'nbwrite'> <Ports = 0> <Width = 128> <Depth = 2> <FIFO>
ST_2 : Operation 26 [1/1] (0.00ns)   --->   "%ret_ln0 = ret"   --->   Operation 26 'ret' 'ret_ln0' <Predicate = (icmp_ln1027)> <Delay = 0.00>

State 3 <SV = 2> <Delay = 2.43>
ST_3 : Operation 21 [1/1] (0.00ns)   --->   "%specpipeline_ln1335 = specpipeline void @_ssdm_op_SpecPipeline, i32 4294967295, i32 0, i32 0, i32 0, void @empty_17" [/media/abhidan/sata/temp/acceleration_2/Vitis-AI-3.0/examples/waa/plugins/include/pl/common/xf_structs.hpp:1335]   --->   Operation 21 'specpipeline' 'specpipeline_ln1335' <Predicate = true> <Delay = 0.00>
ST_3 : Operation 22 [1/1] (0.00ns)   --->   "%speclooptripcount_ln1334 = speclooptripcount void @_ssdm_op_SpecLoopTripCount, i64 1, i64 172800, i64 86400" [/media/abhidan/sata/temp/acceleration_2/Vitis-AI-3.0/examples/waa/plugins/include/pl/common/xf_structs.hpp:1334]   --->   Operation 22 'speclooptripcount' 'speclooptripcount_ln1334' <Predicate = true> <Delay = 0.00>
ST_3 : Operation 23 [1/1] (0.00ns)   --->   "%specloopname_ln1329 = specloopname void @_ssdm_op_SpecLoopName, void @empty_5" [/media/abhidan/sata/temp/acceleration_2/Vitis-AI-3.0/examples/waa/plugins/include/pl/common/xf_structs.hpp:1329]   --->   Operation 23 'specloopname' 'specloopname_ln1329' <Predicate = true> <Delay = 0.00>
ST_3 : Operation 24 [1/1] (2.43ns)   --->   "%write_ln1337 = write void @_ssdm_op_Write.m_axi.p1i128, i128 %gmem2_addr, i128 %ldata1_read, i16 65535" [/media/abhidan/sata/temp/acceleration_2/Vitis-AI-3.0/examples/waa/plugins/include/pl/common/xf_structs.hpp:1337]   --->   Operation 24 'write' 'write_ln1337' <Predicate = true> <Delay = 2.43> <CoreInst = "m_axi">   --->   Core 121 'm_axi' <Latency = 0> <II = 1> <Delay = 1.00> <Adapter> <Opcode : 'read' 'write' 'readreq' 'writereq' 'writeresp'>
ST_3 : Operation 25 [1/1] (0.00ns)   --->   "%br_ln1332 = br void %for.inc" [/media/abhidan/sata/temp/acceleration_2/Vitis-AI-3.0/examples/waa/plugins/include/pl/common/xf_structs.hpp:1332]   --->   Operation 25 'br' 'br_ln1332' <Predicate = true> <Delay = 0.00>


============================================================
+ Verbose Summary: Timing violations
============================================================
Target clock period: 3.33ns, clock uncertainty: 0.9ns.

 <State 1>: 1.51ns
The critical path consists of the following:
	'alloca' operation ('i.V') [5]  (0 ns)
	'load' operation ('i.V') on local variable 'i.V' [14]  (0 ns)
	'add' operation ('add_ln840') [17]  (0.884 ns)
	'store' operation ('store_ln1332', /media/abhidan/sata/temp/acceleration_2/Vitis-AI-3.0/examples/waa/plugins/include/pl/common/xf_structs.hpp:1332) of variable 'add_ln840' on local variable 'i.V' [25]  (0.427 ns)
	blocking operation 0.198 ns on control path)

 <State 2>: 1.22ns
The critical path consists of the following:
	fifo read operation ('ldata1_read', /media/abhidan/sata/temp/acceleration_2/Vitis-AI-3.0/examples/waa/plugins/include/pl/common/xf_structs.hpp:1337) on port 'ldata1' (/media/abhidan/sata/temp/acceleration_2/Vitis-AI-3.0/examples/waa/plugins/include/pl/common/xf_structs.hpp:1337) [23]  (1.22 ns)

 <State 3>: 2.43ns
The critical path consists of the following:
	bus write operation ('write_ln1337', /media/abhidan/sata/temp/acceleration_2/Vitis-AI-3.0/examples/waa/plugins/include/pl/common/xf_structs.hpp:1337) on port 'gmem2' (/media/abhidan/sata/temp/acceleration_2/Vitis-AI-3.0/examples/waa/plugins/include/pl/common/xf_structs.hpp:1337) [24]  (2.43 ns)


============================================================
+ Verbose Summary: Binding
============================================================
N/A
* FSMD analyzer results:
  - Output states:
 - Input state : 
  - Chain level:
	State 1
	State 2
	State 3


============================================================
+ Verbose Summary: Datapath Resource usage 
============================================================
N/A
