

================================================================
== Vitis HLS Report for 'histoframe_Pipeline_VITIS_LOOP_26_1_VITIS_LOOP_28_2'
================================================================
* Date:           Fri Sep  6 14:01:30 2024

* Version:        2022.2 (Build 3670227 on Oct 13 2022)
* Project:        histoframe_accel
* Solution:       solution (Vitis Kernel Flow Target)
* Product family: zynquplus
* Target device:  xck26-sfvc784-2LV-c


================================================================
== Performance Estimates
================================================================
+ Timing: 
    * Summary: 
    +--------+---------+----------+------------+
    |  Clock |  Target | Estimated| Uncertainty|
    +--------+---------+----------+------------+
    |ap_clk  |  3.33 ns|  2.842 ns|     0.90 ns|
    +--------+---------+----------+------------+

+ Latency: 
    * Summary: 
    +---------+---------+----------+----------+-----+-----+---------+
    |  Latency (cycles) |  Latency (absolute) |  Interval | Pipeline|
    |   min   |   max   |    min   |    max   | min | max |   Type  |
    +---------+---------+----------+----------+-----+-----+---------+
    |        ?|        ?|         ?|         ?|    ?|    ?|       no|
    +---------+---------+----------+----------+-----+-----+---------+

    + Detail: 
        * Instance: 
        N/A

        * Loop: 
        +-----------------------------------+---------+---------+----------+-----------+-----------+------+----------+
        |                                   |  Latency (cycles) | Iteration|  Initiation Interval  | Trip |          |
        |             Loop Name             |   min   |   max   |  Latency |  achieved |   target  | Count| Pipelined|
        +-----------------------------------+---------+---------+----------+-----------+-----------+------+----------+
        |- VITIS_LOOP_26_1_VITIS_LOOP_28_2  |        ?|        ?|         3|          1|          1|     ?|       yes|
        +-----------------------------------+---------+---------+----------+-----------+-----------+------+----------+

============================================================
+ Verbose Summary: Synthesis Manager
============================================================
InlineROM: 1
ExposeGlobal: 0
============================================================
+ Verbose Summary: CDFG Model
============================================================
IsTopModel: 0
ResetActiveHigh: 1
IsCombinational: 0
IsDatapathOnly: 0
HasWiredReturn: 1
HasMFsm: 2
HasVarLatency: 1
IsPipeline: 0
IsRtlPipelined: 0
IsInstanceOverlapped: 0
IsDontTouch: 0
HasImplIP: 0
IsGatedGlobalClock: 0

+ Individual pipeline summary: 
  * Pipeline-0: initiation interval (II) = 1, depth = 4


============================================================
+ Verbose Summary: Schedule
============================================================
* Number of FSM states : 4
* Pipeline : 1
  Pipeline-0 : II = 1, D = 4, States = { 1 2 3 4 }
* Dataflow Pipeline: 0

* FSM state transitions: 
1 --> 2 
2 --> 3 
3 --> 4 
4 --> 

* FSM state operations: 

State 1 <SV = 0> <Delay = 0.42>
ST_1 : Operation 6 [1/1] (0.00ns)   --->   "%o = alloca i32 1"   --->   Operation 6 'alloca' 'o' <Predicate = true> <Delay = 0.00>
ST_1 : Operation 7 [1/1] (0.00ns)   --->   "%e = alloca i32 1"   --->   Operation 7 'alloca' 'e' <Predicate = true> <Delay = 0.00>
ST_1 : Operation 8 [1/1] (0.00ns)   --->   "%j = alloca i32 1"   --->   Operation 8 'alloca' 'j' <Predicate = true> <Delay = 0.00>
ST_1 : Operation 9 [1/1] (0.00ns)   --->   "%indvar_flatten = alloca i32 1"   --->   Operation 9 'alloca' 'indvar_flatten' <Predicate = true> <Delay = 0.00>
ST_1 : Operation 10 [1/1] (0.00ns)   --->   "%specinterface_ln0 = specinterface void @_ssdm_op_SpecInterface, i8 %in_mat_data1, void @empty_11, i32 0, i32 0, void @empty_17, i32 0, i32 0, void @empty_17, void @empty_17, void @empty_17, i32 0, i32 0, i32 0, i32 0, void @empty_17, void @empty_17, i32 4294967295, i32 0"   --->   Operation 10 'specinterface' 'specinterface_ln0' <Predicate = true> <Delay = 0.00>
ST_1 : Operation 11 [1/1] (0.00ns)   --->   "%specinterface_ln0 = specinterface void @_ssdm_op_SpecInterface, i24 %out_mat_data2, void @empty_11, i32 0, i32 0, void @empty_17, i32 0, i32 0, void @empty_17, void @empty_17, void @empty_17, i32 0, i32 0, i32 0, i32 0, void @empty_17, void @empty_17, i32 4294967295, i32 0"   --->   Operation 11 'specinterface' 'specinterface_ln0' <Predicate = true> <Delay = 0.00>
ST_1 : Operation 12 [1/1] (0.00ns)   --->   "%bound_read = read i64 @_ssdm_op_Read.ap_auto.i64, i64 %bound" [/media/abhidan/sata/temp/acceleration_2/Vitis-AI-3.0/examples/waa/plugins/histoframe/pl/histoframe_accel.cpp:15]   --->   Operation 12 'read' 'bound_read' <Predicate = true> <Delay = 0.00>
ST_1 : Operation 13 [1/1] (0.00ns)   --->   "%cols_read = read i32 @_ssdm_op_Read.ap_auto.i32, i32 %cols" [/media/abhidan/sata/temp/acceleration_2/Vitis-AI-3.0/examples/waa/plugins/histoframe/pl/histoframe_accel.cpp:15]   --->   Operation 13 'read' 'cols_read' <Predicate = true> <Delay = 0.00>
ST_1 : Operation 14 [1/1] (0.42ns)   --->   "%store_ln0 = store i64 0, i64 %indvar_flatten"   --->   Operation 14 'store' 'store_ln0' <Predicate = true> <Delay = 0.42>
ST_1 : Operation 15 [1/1] (0.42ns)   --->   "%store_ln0 = store i31 0, i31 %j"   --->   Operation 15 'store' 'store_ln0' <Predicate = true> <Delay = 0.42>
ST_1 : Operation 16 [1/1] (0.42ns)   --->   "%store_ln0 = store i8 0, i8 %e"   --->   Operation 16 'store' 'store_ln0' <Predicate = true> <Delay = 0.42>
ST_1 : Operation 17 [1/1] (0.42ns)   --->   "%store_ln0 = store i8 0, i8 %o"   --->   Operation 17 'store' 'store_ln0' <Predicate = true> <Delay = 0.42>
ST_1 : Operation 18 [1/1] (0.00ns)   --->   "%br_ln0 = br void %for.body6"   --->   Operation 18 'br' 'br_ln0' <Predicate = true> <Delay = 0.00>

State 2 <SV = 1> <Delay = 2.84>
ST_2 : Operation 19 [1/1] (0.00ns)   --->   "%j_2 = load i31 %j" [/media/abhidan/sata/temp/acceleration_2/Vitis-AI-3.0/examples/waa/plugins/histoframe/pl/histoframe_accel.cpp:28]   --->   Operation 19 'load' 'j_2' <Predicate = true> <Delay = 0.00>
ST_2 : Operation 20 [1/1] (0.00ns)   --->   "%indvar_flatten_load = load i64 %indvar_flatten" [/media/abhidan/sata/temp/acceleration_2/Vitis-AI-3.0/examples/waa/plugins/histoframe/pl/histoframe_accel.cpp:26]   --->   Operation 20 'load' 'indvar_flatten_load' <Predicate = true> <Delay = 0.00>
ST_2 : Operation 21 [1/1] (0.00ns)   --->   "%zext_ln28 = zext i31 %j_2" [/media/abhidan/sata/temp/acceleration_2/Vitis-AI-3.0/examples/waa/plugins/histoframe/pl/histoframe_accel.cpp:28]   --->   Operation 21 'zext' 'zext_ln28' <Predicate = true> <Delay = 0.00>
ST_2 : Operation 22 [1/1] (0.99ns)   --->   "%icmp_ln28 = icmp_slt  i32 %zext_ln28, i32 %cols_read" [/media/abhidan/sata/temp/acceleration_2/Vitis-AI-3.0/examples/waa/plugins/histoframe/pl/histoframe_accel.cpp:28]   --->   Operation 22 'icmp' 'icmp_ln28' <Predicate = true> <Delay = 0.99> <CoreInst = "Cmp">   --->   Core 9 'Cmp' <Latency = 0> <II = 1> <Delay = 0.99> <FuncUnit> <Opcode : 'icmp'> <InPorts = 2> <OutPorts = 1>
ST_2 : Operation 23 [1/1] (1.13ns)   --->   "%icmp_ln26 = icmp_eq  i64 %indvar_flatten_load, i64 %bound_read" [/media/abhidan/sata/temp/acceleration_2/Vitis-AI-3.0/examples/waa/plugins/histoframe/pl/histoframe_accel.cpp:26]   --->   Operation 23 'icmp' 'icmp_ln26' <Predicate = true> <Delay = 1.13> <CoreInst = "Cmp">   --->   Core 9 'Cmp' <Latency = 0> <II = 1> <Delay = 1.13> <FuncUnit> <Opcode : 'icmp'> <InPorts = 2> <OutPorts = 1>
ST_2 : Operation 24 [1/1] (1.08ns)   --->   "%add_ln26 = add i64 %indvar_flatten_load, i64 1" [/media/abhidan/sata/temp/acceleration_2/Vitis-AI-3.0/examples/waa/plugins/histoframe/pl/histoframe_accel.cpp:26]   --->   Operation 24 'add' 'add_ln26' <Predicate = true> <Delay = 1.08> <CoreInst = "Adder">   --->   Core 1 'Adder' <Latency = 0> <II = 1> <Delay = 1.08> <FuncUnit> <Opcode : 'add' 'sub'> <InPorts = 2> <OutPorts = 1>
ST_2 : Operation 25 [1/1] (0.00ns)   --->   "%br_ln26 = br i1 %icmp_ln26, void %for.inc21.loopexit, void %for.end23.loopexit.exitStub" [/media/abhidan/sata/temp/acceleration_2/Vitis-AI-3.0/examples/waa/plugins/histoframe/pl/histoframe_accel.cpp:26]   --->   Operation 25 'br' 'br_ln26' <Predicate = true> <Delay = 0.00>
ST_2 : Operation 26 [1/1] (0.41ns)   --->   "%select_ln23 = select i1 %icmp_ln28, i31 %j_2, i31 0" [/media/abhidan/sata/temp/acceleration_2/Vitis-AI-3.0/examples/waa/plugins/histoframe/pl/histoframe_accel.cpp:23]   --->   Operation 26 'select' 'select_ln23' <Predicate = (!icmp_ln26)> <Delay = 0.41> <CoreInst = "Sel">   --->   Core 73 'Sel' <Latency = 0> <II = 1> <Delay = 0.41> <FuncUnit> <Opcode : 'select'> <InPorts = 3> <OutPorts = 1>
ST_2 : Operation 27 [1/1] (0.00ns)   --->   "%trunc_ln28 = trunc i31 %select_ln23" [/media/abhidan/sata/temp/acceleration_2/Vitis-AI-3.0/examples/waa/plugins/histoframe/pl/histoframe_accel.cpp:28]   --->   Operation 27 'trunc' 'trunc_ln28' <Predicate = (!icmp_ln26)> <Delay = 0.00>
ST_2 : Operation 28 [1/1] (0.00ns)   --->   "%br_ln43 = br i1 %trunc_ln28, void %if.then15, void %for.inc" [/media/abhidan/sata/temp/acceleration_2/Vitis-AI-3.0/examples/waa/plugins/histoframe/pl/histoframe_accel.cpp:43]   --->   Operation 28 'br' 'br_ln43' <Predicate = (!icmp_ln26)> <Delay = 0.00>
ST_2 : Operation 29 [1/1] (1.00ns)   --->   "%j_3 = add i31 %select_ln23, i31 1" [/media/abhidan/sata/temp/acceleration_2/Vitis-AI-3.0/examples/waa/plugins/histoframe/pl/histoframe_accel.cpp:28]   --->   Operation 29 'add' 'j_3' <Predicate = (!icmp_ln26)> <Delay = 1.00> <CoreInst = "Adder">   --->   Core 1 'Adder' <Latency = 0> <II = 1> <Delay = 1.00> <FuncUnit> <Opcode : 'add' 'sub'> <InPorts = 2> <OutPorts = 1>
ST_2 : Operation 30 [1/1] (0.42ns)   --->   "%store_ln28 = store i64 %add_ln26, i64 %indvar_flatten" [/media/abhidan/sata/temp/acceleration_2/Vitis-AI-3.0/examples/waa/plugins/histoframe/pl/histoframe_accel.cpp:28]   --->   Operation 30 'store' 'store_ln28' <Predicate = (!icmp_ln26)> <Delay = 0.42>
ST_2 : Operation 31 [1/1] (0.42ns)   --->   "%store_ln28 = store i31 %j_3, i31 %j" [/media/abhidan/sata/temp/acceleration_2/Vitis-AI-3.0/examples/waa/plugins/histoframe/pl/histoframe_accel.cpp:28]   --->   Operation 31 'store' 'store_ln28' <Predicate = (!icmp_ln26)> <Delay = 0.42>

State 3 <SV = 2> <Delay = 1.21>
ST_3 : Operation 32 [1/1] (1.21ns)   --->   "%t = read i8 @_ssdm_op_Read.ap_fifo.volatile.i8P0A, i8 %in_mat_data1" [/media/abhidan/sata/temp/acceleration_2/Vitis-AI-3.0/examples/waa/plugins/include/pl/common/xf_structs.hpp:542]   --->   Operation 32 'read' 't' <Predicate = true> <Delay = 1.21> <CoreInst = "FIFO_SRL">   --->   Core 81 'FIFO_SRL' <Latency = 0> <II = 1> <Delay = 1.83> <Storage> <Opcode : 'read' 'write' 'nbread' 'nbwrite'> <Ports = 0> <Width = 8> <Depth = 2> <FIFO>
ST_3 : Operation 48 [1/1] (0.00ns)   --->   "%ret_ln0 = ret"   --->   Operation 48 'ret' 'ret_ln0' <Predicate = (icmp_ln26)> <Delay = 0.00>

State 4 <SV = 3> <Delay = 2.37>
ST_4 : Operation 33 [1/1] (0.00ns)   --->   "%o_load = load i8 %o" [/media/abhidan/sata/temp/acceleration_2/Vitis-AI-3.0/examples/waa/plugins/histoframe/pl/histoframe_accel.cpp:38]   --->   Operation 33 'load' 'o_load' <Predicate = (!trunc_ln28)> <Delay = 0.00>
ST_4 : Operation 34 [1/1] (0.00ns)   --->   "%e_load = load i8 %e" [/media/abhidan/sata/temp/acceleration_2/Vitis-AI-3.0/examples/waa/plugins/histoframe/pl/histoframe_accel.cpp:38]   --->   Operation 34 'load' 'e_load' <Predicate = (trunc_ln28)> <Delay = 0.00>
ST_4 : Operation 35 [1/1] (0.00ns)   --->   "%specloopname_ln0 = specloopname void @_ssdm_op_SpecLoopName, void @VITIS_LOOP_26_1_VITIS_LOOP_28_2_str"   --->   Operation 35 'specloopname' 'specloopname_ln0' <Predicate = true> <Delay = 0.00>
ST_4 : Operation 36 [1/1] (0.00ns)   --->   "%specpipeline_ln33 = specpipeline void @_ssdm_op_SpecPipeline, i32 1, i32 0, i32 0, i32 0, void @empty_17" [/media/abhidan/sata/temp/acceleration_2/Vitis-AI-3.0/examples/waa/plugins/histoframe/pl/histoframe_accel.cpp:33]   --->   Operation 36 'specpipeline' 'specpipeline_ln33' <Predicate = true> <Delay = 0.00>
ST_4 : Operation 37 [1/1] (0.00ns)   --->   "%specloopname_ln23 = specloopname void @_ssdm_op_SpecLoopName, void @empty_22" [/media/abhidan/sata/temp/acceleration_2/Vitis-AI-3.0/examples/waa/plugins/histoframe/pl/histoframe_accel.cpp:23]   --->   Operation 37 'specloopname' 'specloopname_ln23' <Predicate = true> <Delay = 0.00>
ST_4 : Operation 38 [1/1] (0.00ns) (grouped into LUT with out node e_3)   --->   "%shl_ln39 = shl i8 %t, i8 4" [/media/abhidan/sata/temp/acceleration_2/Vitis-AI-3.0/examples/waa/plugins/histoframe/pl/histoframe_accel.cpp:39]   --->   Operation 38 'shl' 'shl_ln39' <Predicate = true> <Delay = 0.00>
ST_4 : Operation 39 [1/1] (0.76ns) (out node of the LUT)   --->   "%e_3 = add i8 %t, i8 %shl_ln39" [/media/abhidan/sata/temp/acceleration_2/Vitis-AI-3.0/examples/waa/plugins/histoframe/pl/histoframe_accel.cpp:39]   --->   Operation 39 'add' 'e_3' <Predicate = true> <Delay = 0.76> <CoreInst = "Adder">   --->   Core 1 'Adder' <Latency = 0> <II = 1> <Delay = 0.76> <FuncUnit> <Opcode : 'add' 'sub'> <InPorts = 2> <OutPorts = 1>
ST_4 : Operation 40 [1/1] (0.39ns)   --->   "%o_2 = select i1 %trunc_ln28, i8 %e_3, i8 %o_load" [/media/abhidan/sata/temp/acceleration_2/Vitis-AI-3.0/examples/waa/plugins/histoframe/pl/histoframe_accel.cpp:38]   --->   Operation 40 'select' 'o_2' <Predicate = true> <Delay = 0.39> <CoreInst = "Sel">   --->   Core 73 'Sel' <Latency = 0> <II = 1> <Delay = 0.39> <FuncUnit> <Opcode : 'select'> <InPorts = 3> <OutPorts = 1>
ST_4 : Operation 41 [1/1] (0.39ns)   --->   "%e_2 = select i1 %trunc_ln28, i8 %e_load, i8 %e_3" [/media/abhidan/sata/temp/acceleration_2/Vitis-AI-3.0/examples/waa/plugins/histoframe/pl/histoframe_accel.cpp:38]   --->   Operation 41 'select' 'e_2' <Predicate = true> <Delay = 0.39> <CoreInst = "Sel">   --->   Core 73 'Sel' <Latency = 0> <II = 1> <Delay = 0.39> <FuncUnit> <Opcode : 'select'> <InPorts = 3> <OutPorts = 1>
ST_4 : Operation 42 [1/1] (0.00ns)   --->   "%p_0 = bitconcatenate i24 @_ssdm_op_BitConcatenate.i24.i8.i8.i8, i8 %e_2, i8 %o_2, i8 0"   --->   Operation 42 'bitconcatenate' 'p_0' <Predicate = (!trunc_ln28)> <Delay = 0.00>
ST_4 : Operation 43 [1/1] (1.21ns)   --->   "%write_ln553 = write void @_ssdm_op_Write.ap_fifo.volatile.i24P0A, i24 %out_mat_data2, i24 %p_0" [/media/abhidan/sata/temp/acceleration_2/Vitis-AI-3.0/examples/waa/plugins/include/pl/common/xf_structs.hpp:553]   --->   Operation 43 'write' 'write_ln553' <Predicate = (!trunc_ln28)> <Delay = 1.21> <CoreInst = "FIFO_SRL">   --->   Core 81 'FIFO_SRL' <Latency = 0> <II = 1> <Delay = 1.83> <Storage> <Opcode : 'read' 'write' 'nbread' 'nbwrite'> <Ports = 0> <Width = 24> <Depth = 2> <FIFO>
ST_4 : Operation 44 [1/1] (0.00ns)   --->   "%br_ln47 = br void %for.inc" [/media/abhidan/sata/temp/acceleration_2/Vitis-AI-3.0/examples/waa/plugins/histoframe/pl/histoframe_accel.cpp:47]   --->   Operation 44 'br' 'br_ln47' <Predicate = (!trunc_ln28)> <Delay = 0.00>
ST_4 : Operation 45 [1/1] (0.42ns)   --->   "%store_ln28 = store i8 %e_2, i8 %e" [/media/abhidan/sata/temp/acceleration_2/Vitis-AI-3.0/examples/waa/plugins/histoframe/pl/histoframe_accel.cpp:28]   --->   Operation 45 'store' 'store_ln28' <Predicate = true> <Delay = 0.42>
ST_4 : Operation 46 [1/1] (0.42ns)   --->   "%store_ln28 = store i8 %o_2, i8 %o" [/media/abhidan/sata/temp/acceleration_2/Vitis-AI-3.0/examples/waa/plugins/histoframe/pl/histoframe_accel.cpp:28]   --->   Operation 46 'store' 'store_ln28' <Predicate = true> <Delay = 0.42>
ST_4 : Operation 47 [1/1] (0.00ns)   --->   "%br_ln28 = br void %for.body6" [/media/abhidan/sata/temp/acceleration_2/Vitis-AI-3.0/examples/waa/plugins/histoframe/pl/histoframe_accel.cpp:28]   --->   Operation 47 'br' 'br_ln28' <Predicate = true> <Delay = 0.00>


============================================================
+ Verbose Summary: Timing violations
============================================================
Target clock period: 3.33ns, clock uncertainty: 0.9ns.

 <State 1>: 0.427ns
The critical path consists of the following:
	'alloca' operation ('indvar_flatten') [8]  (0 ns)
	'store' operation ('store_ln0') of constant 0 on local variable 'indvar_flatten' [13]  (0.427 ns)

 <State 2>: 2.84ns
The critical path consists of the following:
	'load' operation ('j', /media/abhidan/sata/temp/acceleration_2/Vitis-AI-3.0/examples/waa/plugins/histoframe/pl/histoframe_accel.cpp:28) on local variable 'j' [19]  (0 ns)
	'icmp' operation ('icmp_ln28', /media/abhidan/sata/temp/acceleration_2/Vitis-AI-3.0/examples/waa/plugins/histoframe/pl/histoframe_accel.cpp:28) [22]  (0.991 ns)
	'select' operation ('select_ln23', /media/abhidan/sata/temp/acceleration_2/Vitis-AI-3.0/examples/waa/plugins/histoframe/pl/histoframe_accel.cpp:23) [30]  (0.418 ns)
	'add' operation ('j', /media/abhidan/sata/temp/acceleration_2/Vitis-AI-3.0/examples/waa/plugins/histoframe/pl/histoframe_accel.cpp:28) [45]  (1.01 ns)
	'store' operation ('store_ln28', /media/abhidan/sata/temp/acceleration_2/Vitis-AI-3.0/examples/waa/plugins/histoframe/pl/histoframe_accel.cpp:28) of variable 'j', /media/abhidan/sata/temp/acceleration_2/Vitis-AI-3.0/examples/waa/plugins/histoframe/pl/histoframe_accel.cpp:28 on local variable 'j' [47]  (0.427 ns)

 <State 3>: 1.22ns
The critical path consists of the following:
	fifo read operation ('t', /media/abhidan/sata/temp/acceleration_2/Vitis-AI-3.0/examples/waa/plugins/include/pl/common/xf_structs.hpp:542) on port 'in_mat_data1' (/media/abhidan/sata/temp/acceleration_2/Vitis-AI-3.0/examples/waa/plugins/include/pl/common/xf_structs.hpp:542) [34]  (1.22 ns)

 <State 4>: 2.37ns
The critical path consists of the following:
	'shl' operation ('shl_ln39', /media/abhidan/sata/temp/acceleration_2/Vitis-AI-3.0/examples/waa/plugins/histoframe/pl/histoframe_accel.cpp:39) [35]  (0 ns)
	'add' operation ('e', /media/abhidan/sata/temp/acceleration_2/Vitis-AI-3.0/examples/waa/plugins/histoframe/pl/histoframe_accel.cpp:39) [36]  (0.765 ns)
	'select' operation ('e', /media/abhidan/sata/temp/acceleration_2/Vitis-AI-3.0/examples/waa/plugins/histoframe/pl/histoframe_accel.cpp:38) [38]  (0.393 ns)
	fifo write operation ('write_ln553', /media/abhidan/sata/temp/acceleration_2/Vitis-AI-3.0/examples/waa/plugins/include/pl/common/xf_structs.hpp:553) on port 'out_mat_data2' (/media/abhidan/sata/temp/acceleration_2/Vitis-AI-3.0/examples/waa/plugins/include/pl/common/xf_structs.hpp:553) [42]  (1.22 ns)


============================================================
+ Verbose Summary: Binding
============================================================
N/A
* FSMD analyzer results:
  - Output states:
 - Input state : 
  - Chain level:
	State 1
	State 2
	State 3
	State 4


============================================================
+ Verbose Summary: Datapath Resource usage 
============================================================
N/A
