/media/abhidan/sata/temp/acceleration_2/Vitis-AI-3.0/examples/waa/plugins/histoframe/pl/_x_temp.hw.kv260_ppse_custom/histoframe_accel/histoframe_accel/histoframe_accel/solution/.autopilot/db/histoframe_accel.pp.0.cpp:1418:7: warning: Added loop label VITIS_LOOP_1211_1:   [xilinx-label-all-loops]
      for (i = 0; i < __N - 1; ++i) {
      ^~~
      VITIS_LOOP_1211_1: 
/media/abhidan/sata/temp/acceleration_2/Vitis-AI-3.0/examples/waa/plugins/histoframe/pl/_x_temp.hw.kv260_ppse_custom/histoframe_accel/histoframe_accel/histoframe_accel/solution/.autopilot/db/histoframe_accel.pp.0.cpp:1418:7: note: FIX-IT applied suggested code changes
/media/abhidan/sata/temp/acceleration_2/Vitis-AI-3.0/examples/waa/plugins/histoframe/pl/_x_temp.hw.kv260_ppse_custom/histoframe_accel/histoframe_accel/histoframe_accel/solution/.autopilot/db/histoframe_accel.pp.0.cpp:2392:5: warning: Added loop label VITIS_LOOP_676_1:   [xilinx-label-all-loops]
    for (unsigned i = low; i != high; ++i) {
    ^~~
    VITIS_LOOP_676_1: 
/media/abhidan/sata/temp/acceleration_2/Vitis-AI-3.0/examples/waa/plugins/histoframe/pl/_x_temp.hw.kv260_ppse_custom/histoframe_accel/histoframe_accel/histoframe_accel/solution/.autopilot/db/histoframe_accel.pp.0.cpp:2392:5: note: FIX-IT applied suggested code changes
/media/abhidan/sata/temp/acceleration_2/Vitis-AI-3.0/examples/waa/plugins/histoframe/pl/_x_temp.hw.kv260_ppse_custom/histoframe_accel/histoframe_accel/histoframe_accel/solution/.autopilot/db/histoframe_accel.pp.0.cpp:2406:5: warning: Added loop label VITIS_LOOP_690_1:   [xilinx-label-all-loops]
    for (unsigned i = low; i != high; ++i) {
    ^~~
    VITIS_LOOP_690_1: 
/media/abhidan/sata/temp/acceleration_2/Vitis-AI-3.0/examples/waa/plugins/histoframe/pl/_x_temp.hw.kv260_ppse_custom/histoframe_accel/histoframe_accel/histoframe_accel/solution/.autopilot/db/histoframe_accel.pp.0.cpp:2406:5: note: FIX-IT applied suggested code changes
/media/abhidan/sata/temp/acceleration_2/Vitis-AI-3.0/examples/waa/plugins/histoframe/pl/_x_temp.hw.kv260_ppse_custom/histoframe_accel/histoframe_accel/histoframe_accel/solution/.autopilot/db/histoframe_accel.pp.0.cpp:2420:5: warning: Added loop label VITIS_LOOP_704_1:   [xilinx-label-all-loops]
    for (unsigned i = low; i != high; ++i) {
    ^~~
    VITIS_LOOP_704_1: 
/media/abhidan/sata/temp/acceleration_2/Vitis-AI-3.0/examples/waa/plugins/histoframe/pl/_x_temp.hw.kv260_ppse_custom/histoframe_accel/histoframe_accel/histoframe_accel/solution/.autopilot/db/histoframe_accel.pp.0.cpp:2420:5: note: FIX-IT applied suggested code changes
/media/abhidan/sata/temp/acceleration_2/Vitis-AI-3.0/examples/waa/plugins/histoframe/pl/_x_temp.hw.kv260_ppse_custom/histoframe_accel/histoframe_accel/histoframe_accel/solution/.autopilot/db/histoframe_accel.pp.0.cpp:4031:7: warning: Added loop label VITIS_LOOP_1245_1:   [xilinx-label-all-loops]
      for (i = 0; i < __N - 1; ++i) {
      ^~~
      VITIS_LOOP_1245_1: 
/media/abhidan/sata/temp/acceleration_2/Vitis-AI-3.0/examples/waa/plugins/histoframe/pl/_x_temp.hw.kv260_ppse_custom/histoframe_accel/histoframe_accel/histoframe_accel/solution/.autopilot/db/histoframe_accel.pp.0.cpp:4031:7: note: FIX-IT applied suggested code changes
/media/abhidan/sata/temp/acceleration_2/Vitis-AI-3.0/examples/waa/plugins/histoframe/pl/_x_temp.hw.kv260_ppse_custom/histoframe_accel/histoframe_accel/histoframe_accel/solution/.autopilot/db/histoframe_accel.pp.0.cpp:18073:2: warning: Added loop label VITIS_LOOP_307_1:   [xilinx-label-all-loops]
 for (int k = 0; k < N; k++) {
 ^~~
 VITIS_LOOP_307_1: 
/media/abhidan/sata/temp/acceleration_2/Vitis-AI-3.0/examples/waa/plugins/histoframe/pl/_x_temp.hw.kv260_ppse_custom/histoframe_accel/histoframe_accel/histoframe_accel/solution/.autopilot/db/histoframe_accel.pp.0.cpp:18073:2: note: FIX-IT applied suggested code changes
/media/abhidan/sata/temp/acceleration_2/Vitis-AI-3.0/examples/waa/plugins/histoframe/pl/_x_temp.hw.kv260_ppse_custom/histoframe_accel/histoframe_accel/histoframe_accel/solution/.autopilot/db/histoframe_accel.pp.0.cpp:18087:5: warning: Added loop label VITIS_LOOP_321_1:   [xilinx-label-all-loops]
    for (int k = 0; k < N; k++) {
    ^~~
    VITIS_LOOP_321_1: 
/media/abhidan/sata/temp/acceleration_2/Vitis-AI-3.0/examples/waa/plugins/histoframe/pl/_x_temp.hw.kv260_ppse_custom/histoframe_accel/histoframe_accel/histoframe_accel/solution/.autopilot/db/histoframe_accel.pp.0.cpp:18087:5: note: FIX-IT applied suggested code changes
/media/abhidan/sata/temp/acceleration_2/Vitis-AI-3.0/examples/waa/plugins/histoframe/pl/_x_temp.hw.kv260_ppse_custom/histoframe_accel/histoframe_accel/histoframe_accel/solution/.autopilot/db/histoframe_accel.pp.0.cpp:18102:5: warning: Added loop label VITIS_LOOP_336_1:   [xilinx-label-all-loops]
    for (int k = 0; k < N; k++) {
    ^~~
    VITIS_LOOP_336_1: 
/media/abhidan/sata/temp/acceleration_2/Vitis-AI-3.0/examples/waa/plugins/histoframe/pl/_x_temp.hw.kv260_ppse_custom/histoframe_accel/histoframe_accel/histoframe_accel/solution/.autopilot/db/histoframe_accel.pp.0.cpp:18102:5: note: FIX-IT applied suggested code changes
/media/abhidan/sata/temp/acceleration_2/Vitis-AI-3.0/examples/waa/plugins/histoframe/pl/_x_temp.hw.kv260_ppse_custom/histoframe_accel/histoframe_accel/histoframe_accel/solution/.autopilot/db/histoframe_accel.pp.0.cpp:18117:5: warning: Added loop label VITIS_LOOP_351_1:   [xilinx-label-all-loops]
    for (int k = 0; k < N; k++) {
    ^~~
    VITIS_LOOP_351_1: 
/media/abhidan/sata/temp/acceleration_2/Vitis-AI-3.0/examples/waa/plugins/histoframe/pl/_x_temp.hw.kv260_ppse_custom/histoframe_accel/histoframe_accel/histoframe_accel/solution/.autopilot/db/histoframe_accel.pp.0.cpp:18117:5: note: FIX-IT applied suggested code changes
/media/abhidan/sata/temp/acceleration_2/Vitis-AI-3.0/examples/waa/plugins/histoframe/pl/_x_temp.hw.kv260_ppse_custom/histoframe_accel/histoframe_accel/histoframe_accel/solution/.autopilot/db/histoframe_accel.pp.0.cpp:18132:5: warning: Added loop label VITIS_LOOP_366_1:   [xilinx-label-all-loops]
    for (int k = 0; k < N; k++) {
    ^~~
    VITIS_LOOP_366_1: 
/media/abhidan/sata/temp/acceleration_2/Vitis-AI-3.0/examples/waa/plugins/histoframe/pl/_x_temp.hw.kv260_ppse_custom/histoframe_accel/histoframe_accel/histoframe_accel/solution/.autopilot/db/histoframe_accel.pp.0.cpp:18132:5: note: FIX-IT applied suggested code changes
/media/abhidan/sata/temp/acceleration_2/Vitis-AI-3.0/examples/waa/plugins/histoframe/pl/_x_temp.hw.kv260_ppse_custom/histoframe_accel/histoframe_accel/histoframe_accel/solution/.autopilot/db/histoframe_accel.pp.0.cpp:18147:5: warning: Added loop label VITIS_LOOP_381_1:   [xilinx-label-all-loops]
    for (int k = 0; k < N; k++) {
    ^~~
    VITIS_LOOP_381_1: 
/media/abhidan/sata/temp/acceleration_2/Vitis-AI-3.0/examples/waa/plugins/histoframe/pl/_x_temp.hw.kv260_ppse_custom/histoframe_accel/histoframe_accel/histoframe_accel/solution/.autopilot/db/histoframe_accel.pp.0.cpp:18147:5: note: FIX-IT applied suggested code changes
/media/abhidan/sata/temp/acceleration_2/Vitis-AI-3.0/examples/waa/plugins/histoframe/pl/_x_temp.hw.kv260_ppse_custom/histoframe_accel/histoframe_accel/histoframe_accel/solution/.autopilot/db/histoframe_accel.pp.0.cpp:18162:5: warning: Added loop label VITIS_LOOP_396_1:   [xilinx-label-all-loops]
    for (int k = 0; k < N; k++) {
    ^~~
    VITIS_LOOP_396_1: 
/media/abhidan/sata/temp/acceleration_2/Vitis-AI-3.0/examples/waa/plugins/histoframe/pl/_x_temp.hw.kv260_ppse_custom/histoframe_accel/histoframe_accel/histoframe_accel/solution/.autopilot/db/histoframe_accel.pp.0.cpp:18162:5: note: FIX-IT applied suggested code changes
/media/abhidan/sata/temp/acceleration_2/Vitis-AI-3.0/examples/waa/plugins/histoframe/pl/_x_temp.hw.kv260_ppse_custom/histoframe_accel/histoframe_accel/histoframe_accel/solution/.autopilot/db/histoframe_accel.pp.0.cpp:18177:5: warning: Added loop label VITIS_LOOP_411_1:   [xilinx-label-all-loops]
    for (int k = 0; k < N; k++) {
    ^~~
    VITIS_LOOP_411_1: 
/media/abhidan/sata/temp/acceleration_2/Vitis-AI-3.0/examples/waa/plugins/histoframe/pl/_x_temp.hw.kv260_ppse_custom/histoframe_accel/histoframe_accel/histoframe_accel/solution/.autopilot/db/histoframe_accel.pp.0.cpp:18177:5: note: FIX-IT applied suggested code changes
/media/abhidan/sata/temp/acceleration_2/Vitis-AI-3.0/examples/waa/plugins/histoframe/pl/_x_temp.hw.kv260_ppse_custom/histoframe_accel/histoframe_accel/histoframe_accel/solution/.autopilot/db/histoframe_accel.pp.0.cpp:18192:5: warning: Added loop label VITIS_LOOP_426_1:   [xilinx-label-all-loops]
    for (int k = 0; k < N; k++) {
    ^~~
    VITIS_LOOP_426_1: 
/media/abhidan/sata/temp/acceleration_2/Vitis-AI-3.0/examples/waa/plugins/histoframe/pl/_x_temp.hw.kv260_ppse_custom/histoframe_accel/histoframe_accel/histoframe_accel/solution/.autopilot/db/histoframe_accel.pp.0.cpp:18192:5: note: FIX-IT applied suggested code changes
/media/abhidan/sata/temp/acceleration_2/Vitis-AI-3.0/examples/waa/plugins/histoframe/pl/_x_temp.hw.kv260_ppse_custom/histoframe_accel/histoframe_accel/histoframe_accel/solution/.autopilot/db/histoframe_accel.pp.0.cpp:18269:9: warning: Added loop label VITIS_LOOP_511_1:   [xilinx-label-all-loops]
        for (int i = 0; i < (rows * ((cols + NPC - 1) >> xfNPixelsPerCycle<NPC>::datashift)); ++i) {
        ^~~
        VITIS_LOOP_511_1: 
/media/abhidan/sata/temp/acceleration_2/Vitis-AI-3.0/examples/waa/plugins/histoframe/pl/_x_temp.hw.kv260_ppse_custom/histoframe_accel/histoframe_accel/histoframe_accel/solution/.autopilot/db/histoframe_accel.pp.0.cpp:18269:9: note: FIX-IT applied suggested code changes
/media/abhidan/sata/temp/acceleration_2/Vitis-AI-3.0/examples/waa/plugins/histoframe/pl/_x_temp.hw.kv260_ppse_custom/histoframe_accel/histoframe_accel/histoframe_accel/solution/.autopilot/db/histoframe_accel.pp.0.cpp:18477:5: warning: Added loop label VITIS_LOOP_719_1:   [xilinx-label-all-loops]
    for (int r = 0; r < rows; r++) {
    ^~~
    VITIS_LOOP_719_1: 
/media/abhidan/sata/temp/acceleration_2/Vitis-AI-3.0/examples/waa/plugins/histoframe/pl/_x_temp.hw.kv260_ppse_custom/histoframe_accel/histoframe_accel/histoframe_accel/solution/.autopilot/db/histoframe_accel.pp.0.cpp:18477:5: note: FIX-IT applied suggested code changes
/media/abhidan/sata/temp/acceleration_2/Vitis-AI-3.0/examples/waa/plugins/histoframe/pl/_x_temp.hw.kv260_ppse_custom/histoframe_accel/histoframe_accel/histoframe_accel/solution/.autopilot/db/histoframe_accel.pp.0.cpp:18478:9: warning: Added loop label VITIS_LOOP_720_2:   [xilinx-label-all-loops]
        for (int c = 0; c < packcols; c++) {
        ^~~
        VITIS_LOOP_720_2: 
/media/abhidan/sata/temp/acceleration_2/Vitis-AI-3.0/examples/waa/plugins/histoframe/pl/_x_temp.hw.kv260_ppse_custom/histoframe_accel/histoframe_accel/histoframe_accel/solution/.autopilot/db/histoframe_accel.pp.0.cpp:18478:9: note: FIX-IT applied suggested code changes
/media/abhidan/sata/temp/acceleration_2/Vitis-AI-3.0/examples/waa/plugins/histoframe/pl/_x_temp.hw.kv260_ppse_custom/histoframe_accel/histoframe_accel/histoframe_accel/solution/.autopilot/db/histoframe_accel.pp.0.cpp:18479:13: warning: Added loop label VITIS_LOOP_721_3:   [xilinx-label-all-loops]
            for (int p = 0; p < nppc; p++) {
            ^~~
            VITIS_LOOP_721_3: 
/media/abhidan/sata/temp/acceleration_2/Vitis-AI-3.0/examples/waa/plugins/histoframe/pl/_x_temp.hw.kv260_ppse_custom/histoframe_accel/histoframe_accel/histoframe_accel/solution/.autopilot/db/histoframe_accel.pp.0.cpp:18479:13: note: FIX-IT applied suggested code changes
/media/abhidan/sata/temp/acceleration_2/Vitis-AI-3.0/examples/waa/plugins/histoframe/pl/_x_temp.hw.kv260_ppse_custom/histoframe_accel/histoframe_accel/histoframe_accel/solution/.autopilot/db/histoframe_accel.pp.0.cpp:18481:17: warning: Added loop label VITIS_LOOP_723_4:   [xilinx-label-all-loops]
                for (int ch = 0; ch < DataType<T, NPPC>::channel; ch++) {
                ^~~
                VITIS_LOOP_723_4: 
/media/abhidan/sata/temp/acceleration_2/Vitis-AI-3.0/examples/waa/plugins/histoframe/pl/_x_temp.hw.kv260_ppse_custom/histoframe_accel/histoframe_accel/histoframe_accel/solution/.autopilot/db/histoframe_accel.pp.0.cpp:18481:17: note: FIX-IT applied suggested code changes
/media/abhidan/sata/temp/acceleration_2/Vitis-AI-3.0/examples/waa/plugins/histoframe/pl/_x_temp.hw.kv260_ppse_custom/histoframe_accel/histoframe_accel/histoframe_accel/solution/.autopilot/db/histoframe_accel.pp.0.cpp:18519:5: warning: Added loop label VITIS_LOOP_761_1:   [xilinx-label-all-loops]
    for (int r = 0; r < rows; r++) {
    ^~~
    VITIS_LOOP_761_1: 
/media/abhidan/sata/temp/acceleration_2/Vitis-AI-3.0/examples/waa/plugins/histoframe/pl/_x_temp.hw.kv260_ppse_custom/histoframe_accel/histoframe_accel/histoframe_accel/solution/.autopilot/db/histoframe_accel.pp.0.cpp:18519:5: note: FIX-IT applied suggested code changes
/media/abhidan/sata/temp/acceleration_2/Vitis-AI-3.0/examples/waa/plugins/histoframe/pl/_x_temp.hw.kv260_ppse_custom/histoframe_accel/histoframe_accel/histoframe_accel/solution/.autopilot/db/histoframe_accel.pp.0.cpp:18520:9: warning: Added loop label VITIS_LOOP_762_2:   [xilinx-label-all-loops]
        for (int c = 0; c < cols; c++) {
        ^~~
        VITIS_LOOP_762_2: 
/media/abhidan/sata/temp/acceleration_2/Vitis-AI-3.0/examples/waa/plugins/histoframe/pl/_x_temp.hw.kv260_ppse_custom/histoframe_accel/histoframe_accel/histoframe_accel/solution/.autopilot/db/histoframe_accel.pp.0.cpp:18520:9: note: FIX-IT applied suggested code changes
/media/abhidan/sata/temp/acceleration_2/Vitis-AI-3.0/examples/waa/plugins/histoframe/pl/_x_temp.hw.kv260_ppse_custom/histoframe_accel/histoframe_accel/histoframe_accel/solution/.autopilot/db/histoframe_accel.pp.0.cpp:18522:13: warning: Added loop label VITIS_LOOP_764_3:   [xilinx-label-all-loops]
            for (int ch = 0; ch < DataType<T, NPPC>::channel; ch++) {
            ^~~
            VITIS_LOOP_764_3: 
/media/abhidan/sata/temp/acceleration_2/Vitis-AI-3.0/examples/waa/plugins/histoframe/pl/_x_temp.hw.kv260_ppse_custom/histoframe_accel/histoframe_accel/histoframe_accel/solution/.autopilot/db/histoframe_accel.pp.0.cpp:18522:13: note: FIX-IT applied suggested code changes
/media/abhidan/sata/temp/acceleration_2/Vitis-AI-3.0/examples/waa/plugins/histoframe/pl/_x_temp.hw.kv260_ppse_custom/histoframe_accel/histoframe_accel/histoframe_accel/solution/.autopilot/db/histoframe_accel.pp.0.cpp:18523:17: warning: Added loop label VITIS_LOOP_765_4:   [xilinx-label-all-loops]
                for (int b = 0; b < cv_nbytes; ++b) {
                ^~~
                VITIS_LOOP_765_4: 
/media/abhidan/sata/temp/acceleration_2/Vitis-AI-3.0/examples/waa/plugins/histoframe/pl/_x_temp.hw.kv260_ppse_custom/histoframe_accel/histoframe_accel/histoframe_accel/solution/.autopilot/db/histoframe_accel.pp.0.cpp:18523:17: note: FIX-IT applied suggested code changes
/media/abhidan/sata/temp/acceleration_2/Vitis-AI-3.0/examples/waa/plugins/histoframe/pl/_x_temp.hw.kv260_ppse_custom/histoframe_accel/histoframe_accel/histoframe_accel/solution/.autopilot/db/histoframe_accel.pp.0.cpp:18577:5: warning: Added loop label VITIS_LOOP_819_1:   [xilinx-label-all-loops]
    for (int i = 0; i < rows; i++) {
    ^~~
    VITIS_LOOP_819_1: 
/media/abhidan/sata/temp/acceleration_2/Vitis-AI-3.0/examples/waa/plugins/histoframe/pl/_x_temp.hw.kv260_ppse_custom/histoframe_accel/histoframe_accel/histoframe_accel/solution/.autopilot/db/histoframe_accel.pp.0.cpp:18577:5: note: FIX-IT applied suggested code changes
/media/abhidan/sata/temp/acceleration_2/Vitis-AI-3.0/examples/waa/plugins/histoframe/pl/_x_temp.hw.kv260_ppse_custom/histoframe_accel/histoframe_accel/histoframe_accel/solution/.autopilot/db/histoframe_accel.pp.0.cpp:18578:9: warning: Added loop label VITIS_LOOP_820_2:   [xilinx-label-all-loops]
        for (int j = 0; j<cols>> (xfNPixelsPerCycle<NPPC>::datashift); j++) {
        ^~~
        VITIS_LOOP_820_2: 
/media/abhidan/sata/temp/acceleration_2/Vitis-AI-3.0/examples/waa/plugins/histoframe/pl/_x_temp.hw.kv260_ppse_custom/histoframe_accel/histoframe_accel/histoframe_accel/solution/.autopilot/db/histoframe_accel.pp.0.cpp:18578:9: note: FIX-IT applied suggested code changes
/media/abhidan/sata/temp/acceleration_2/Vitis-AI-3.0/examples/waa/plugins/histoframe/pl/_x_temp.hw.kv260_ppse_custom/histoframe_accel/histoframe_accel/histoframe_accel/solution/.autopilot/db/histoframe_accel.pp.0.cpp:18586:13: warning: Added loop label VITIS_LOOP_828_3:   [xilinx-label-all-loops]
            for (int k = 0; k < (1 << (xfNPixelsPerCycle<NPPC>::datashift)); k++) {
            ^~~
            VITIS_LOOP_828_3: 
/media/abhidan/sata/temp/acceleration_2/Vitis-AI-3.0/examples/waa/plugins/histoframe/pl/_x_temp.hw.kv260_ppse_custom/histoframe_accel/histoframe_accel/histoframe_accel/solution/.autopilot/db/histoframe_accel.pp.0.cpp:18586:13: note: FIX-IT applied suggested code changes
/media/abhidan/sata/temp/acceleration_2/Vitis-AI-3.0/examples/waa/plugins/histoframe/pl/_x_temp.hw.kv260_ppse_custom/histoframe_accel/histoframe_accel/histoframe_accel/solution/.autopilot/db/histoframe_accel.pp.0.cpp:19132:13: warning: Added loop label VITIS_LOOP_1382_1:   [xilinx-label-all-loops]
            for (int rowIdx = 0, offset = 0; rowIdx < rows; rowIdx++, offset += offset_1row) {
            ^~~
            VITIS_LOOP_1382_1: 
/media/abhidan/sata/temp/acceleration_2/Vitis-AI-3.0/examples/waa/plugins/histoframe/pl/_x_temp.hw.kv260_ppse_custom/histoframe_accel/histoframe_accel/histoframe_accel/solution/.autopilot/db/histoframe_accel.pp.0.cpp:19132:13: note: FIX-IT applied suggested code changes
/media/abhidan/sata/temp/acceleration_2/Vitis-AI-3.0/examples/waa/plugins/histoframe/pl/_x_temp.hw.kv260_ppse_custom/histoframe_accel/histoframe_accel/histoframe_accel/solution/.autopilot/db/histoframe_accel.pp.0.cpp:19160:13: warning: Added loop label VITIS_LOOP_1410_1:   [xilinx-label-all-loops]
            for (int rowIdx = 0, offset = 0; rowIdx < rows; rowIdx++, offset += offset_1row) {
            ^~~
            VITIS_LOOP_1410_1: 
/media/abhidan/sata/temp/acceleration_2/Vitis-AI-3.0/examples/waa/plugins/histoframe/pl/_x_temp.hw.kv260_ppse_custom/histoframe_accel/histoframe_accel/histoframe_accel/solution/.autopilot/db/histoframe_accel.pp.0.cpp:19160:13: note: FIX-IT applied suggested code changes
/media/abhidan/sata/temp/acceleration_2/Vitis-AI-3.0/examples/waa/plugins/histoframe/pl/_x_temp.hw.kv260_ppse_custom/histoframe_accel/histoframe_accel/histoframe_accel/solution/.autopilot/db/histoframe_accel.pp.0.cpp:19190:13: warning: Added loop label VITIS_LOOP_1440_1:   [xilinx-label-all-loops]
            for (int rowIdx = 0, offset = 0; rowIdx < rows; rowIdx++, offset += offset_1row) {
            ^~~
            VITIS_LOOP_1440_1: 
/media/abhidan/sata/temp/acceleration_2/Vitis-AI-3.0/examples/waa/plugins/histoframe/pl/_x_temp.hw.kv260_ppse_custom/histoframe_accel/histoframe_accel/histoframe_accel/solution/.autopilot/db/histoframe_accel.pp.0.cpp:19190:13: note: FIX-IT applied suggested code changes
/media/abhidan/sata/temp/acceleration_2/Vitis-AI-3.0/examples/waa/plugins/histoframe/pl/_x_temp.hw.kv260_ppse_custom/histoframe_accel/histoframe_accel/histoframe_accel/solution/.autopilot/db/histoframe_accel.pp.0.cpp:19220:13: warning: Added loop label VITIS_LOOP_1470_1:   [xilinx-label-all-loops]
            for (int rowIdx = 0, offset = 0; rowIdx < rows; rowIdx++, offset += offset_1row) {
            ^~~
            VITIS_LOOP_1470_1: 
/media/abhidan/sata/temp/acceleration_2/Vitis-AI-3.0/examples/waa/plugins/histoframe/pl/_x_temp.hw.kv260_ppse_custom/histoframe_accel/histoframe_accel/histoframe_accel/solution/.autopilot/db/histoframe_accel.pp.0.cpp:19220:13: note: FIX-IT applied suggested code changes
/media/abhidan/sata/temp/acceleration_2/Vitis-AI-3.0/examples/waa/plugins/histoframe/pl/_x_temp.hw.kv260_ppse_custom/histoframe_accel/histoframe_accel/histoframe_accel/solution/.autopilot/db/histoframe_accel.pp.0.cpp:19682:5: warning: Added loop label VITIS_LOOP_41_1:   [xilinx-label-all-loops]
    for (ap_int<9> i = 0; i < loopIter; i++) {
    ^~~
    VITIS_LOOP_41_1: 
/media/abhidan/sata/temp/acceleration_2/Vitis-AI-3.0/examples/waa/plugins/histoframe/pl/_x_temp.hw.kv260_ppse_custom/histoframe_accel/histoframe_accel/histoframe_accel/solution/.autopilot/db/histoframe_accel.pp.0.cpp:19682:5: note: FIX-IT applied suggested code changes
/media/abhidan/sata/temp/acceleration_2/Vitis-AI-3.0/examples/waa/plugins/histoframe/pl/_x_temp.hw.kv260_ppse_custom/histoframe_accel/histoframe_accel/histoframe_accel/solution/.autopilot/db/histoframe_accel.pp.0.cpp:19754:5: warning: Added loop label VITIS_LOOP_113_1:   [xilinx-label-all-loops]
    for (i = 0; i < 6; i++, ind++) {
    ^~~
    VITIS_LOOP_113_1: 
/media/abhidan/sata/temp/acceleration_2/Vitis-AI-3.0/examples/waa/plugins/histoframe/pl/_x_temp.hw.kv260_ppse_custom/histoframe_accel/histoframe_accel/histoframe_accel/solution/.autopilot/db/histoframe_accel.pp.0.cpp:19754:5: note: FIX-IT applied suggested code changes
/media/abhidan/sata/temp/acceleration_2/Vitis-AI-3.0/examples/waa/plugins/histoframe/pl/_x_temp.hw.kv260_ppse_custom/histoframe_accel/histoframe_accel/histoframe_accel/solution/.autopilot/db/histoframe_accel.pp.0.cpp:19825:5: warning: Added loop label VITIS_LOOP_184_1:   [xilinx-label-all-loops]
    for (int i = 0; i < imheight; i++) {
    ^~~
    VITIS_LOOP_184_1: 
/media/abhidan/sata/temp/acceleration_2/Vitis-AI-3.0/examples/waa/plugins/histoframe/pl/_x_temp.hw.kv260_ppse_custom/histoframe_accel/histoframe_accel/histoframe_accel/solution/.autopilot/db/histoframe_accel.pp.0.cpp:19825:5: note: FIX-IT applied suggested code changes
/media/abhidan/sata/temp/acceleration_2/Vitis-AI-3.0/examples/waa/plugins/histoframe/pl/_x_temp.hw.kv260_ppse_custom/histoframe_accel/histoframe_accel/histoframe_accel/solution/.autopilot/db/histoframe_accel.pp.0.cpp:19830:2: warning: Added loop label VITIS_LOOP_189_2:   [xilinx-label-all-loops]
 for (int j = 0; j < (imwidth >> NPC); j++) {
 ^~~
 VITIS_LOOP_189_2: 
/media/abhidan/sata/temp/acceleration_2/Vitis-AI-3.0/examples/waa/plugins/histoframe/pl/_x_temp.hw.kv260_ppse_custom/histoframe_accel/histoframe_accel/histoframe_accel/solution/.autopilot/db/histoframe_accel.pp.0.cpp:19830:2: note: FIX-IT applied suggested code changes
/media/abhidan/sata/temp/acceleration_2/Vitis-AI-3.0/examples/waa/plugins/histoframe/pl/_x_temp.hw.kv260_ppse_custom/histoframe_accel/histoframe_accel/histoframe_accel/solution/.autopilot/db/histoframe_accel.pp.0.cpp:19856:9: warning: Added loop label VITIS_LOOP_215_1:   [xilinx-label-all-loops]
        for (int i = 0; i < loop_count; i++) {
        ^~~
        VITIS_LOOP_215_1: 
/media/abhidan/sata/temp/acceleration_2/Vitis-AI-3.0/examples/waa/plugins/histoframe/pl/_x_temp.hw.kv260_ppse_custom/histoframe_accel/histoframe_accel/histoframe_accel/solution/.autopilot/db/histoframe_accel.pp.0.cpp:19856:9: note: FIX-IT applied suggested code changes
/media/abhidan/sata/temp/acceleration_2/Vitis-AI-3.0/examples/waa/plugins/histoframe/pl/_x_temp.hw.kv260_ppse_custom/histoframe_accel/histoframe_accel/histoframe_accel/solution/.autopilot/db/histoframe_accel.pp.0.cpp:19954:9: warning: Added loop label VITIS_LOOP_330_1:   [xilinx-label-all-loops]
        for (int i = 0; i < loop_count; i++) {
        ^~~
        VITIS_LOOP_330_1: 
/media/abhidan/sata/temp/acceleration_2/Vitis-AI-3.0/examples/waa/plugins/histoframe/pl/_x_temp.hw.kv260_ppse_custom/histoframe_accel/histoframe_accel/histoframe_accel/solution/.autopilot/db/histoframe_accel.pp.0.cpp:19954:9: note: FIX-IT applied suggested code changes
/media/abhidan/sata/temp/acceleration_2/Vitis-AI-3.0/examples/waa/plugins/histoframe/pl/_x_temp.hw.kv260_ppse_custom/histoframe_accel/histoframe_accel/histoframe_accel/solution/.autopilot/db/histoframe_accel.pp.0.cpp:20060:9: warning: Added loop label VITIS_LOOP_436_1:   [xilinx-label-all-loops]
        for (int i = 0; i < loop_count; i++) {
        ^~~
        VITIS_LOOP_436_1: 
/media/abhidan/sata/temp/acceleration_2/Vitis-AI-3.0/examples/waa/plugins/histoframe/pl/_x_temp.hw.kv260_ppse_custom/histoframe_accel/histoframe_accel/histoframe_accel/solution/.autopilot/db/histoframe_accel.pp.0.cpp:20060:9: note: FIX-IT applied suggested code changes
/media/abhidan/sata/temp/acceleration_2/Vitis-AI-3.0/examples/waa/plugins/histoframe/pl/_x_temp.hw.kv260_ppse_custom/histoframe_accel/histoframe_accel/histoframe_accel/solution/.autopilot/db/histoframe_accel.pp.0.cpp:20084:9: warning: Added loop label VITIS_LOOP_479_1:   [xilinx-label-all-loops]
        for (int i = 0; i < loop_count; i++) {
        ^~~
        VITIS_LOOP_479_1: 
/media/abhidan/sata/temp/acceleration_2/Vitis-AI-3.0/examples/waa/plugins/histoframe/pl/_x_temp.hw.kv260_ppse_custom/histoframe_accel/histoframe_accel/histoframe_accel/solution/.autopilot/db/histoframe_accel.pp.0.cpp:20084:9: note: FIX-IT applied suggested code changes
/media/abhidan/sata/temp/acceleration_2/Vitis-AI-3.0/examples/waa/plugins/histoframe/pl/_x_temp.hw.kv260_ppse_custom/histoframe_accel/histoframe_accel/histoframe_accel/solution/.autopilot/db/histoframe_accel.pp.0.cpp:20183:3: warning: Added loop label VITIS_LOOP_26_1:   [xilinx-label-all-loops]
  for (int i = 0; i < rows; i++)
  ^~~
  VITIS_LOOP_26_1: 
/media/abhidan/sata/temp/acceleration_2/Vitis-AI-3.0/examples/waa/plugins/histoframe/pl/_x_temp.hw.kv260_ppse_custom/histoframe_accel/histoframe_accel/histoframe_accel/solution/.autopilot/db/histoframe_accel.pp.0.cpp:20183:3: note: FIX-IT applied suggested code changes
/media/abhidan/sata/temp/acceleration_2/Vitis-AI-3.0/examples/waa/plugins/histoframe/pl/_x_temp.hw.kv260_ppse_custom/histoframe_accel/histoframe_accel/histoframe_accel/solution/.autopilot/db/histoframe_accel.pp.0.cpp:20185:4: warning: Added loop label VITIS_LOOP_28_2:   [xilinx-label-all-loops]
   for (int j = 0; j < cols; j++)
   ^~~
   VITIS_LOOP_28_2: 
/media/abhidan/sata/temp/acceleration_2/Vitis-AI-3.0/examples/waa/plugins/histoframe/pl/_x_temp.hw.kv260_ppse_custom/histoframe_accel/histoframe_accel/histoframe_accel/solution/.autopilot/db/histoframe_accel.pp.0.cpp:20185:4: note: FIX-IT applied suggested code changes
