

================================================================
== Vitis HLS Report for 'last_blk_pxl_width'
================================================================
* Date:           Fri Sep  6 14:01:33 2024

* Version:        2022.2 (Build 3670227 on Oct 13 2022)
* Project:        histoframe_accel
* Solution:       solution (Vitis Kernel Flow Target)
* Product family: zynquplus
* Target device:  xck26-sfvc784-2LV-c


================================================================
== Performance Estimates
================================================================
+ Timing: 
    * Summary: 
    +--------+---------+----------+------------+
    |  Clock |  Target | Estimated| Uncertainty|
    +--------+---------+----------+------------+
    |ap_clk  |  3.33 ns|  1.217 ns|     0.90 ns|
    +--------+---------+----------+------------+

+ Latency: 
    * Summary: 
    +---------+---------+----------+----------+-----+-----+---------+
    |  Latency (cycles) |  Latency (absolute) |  Interval | Pipeline|
    |   min   |   max   |    min   |    max   | min | max |   Type  |
    +---------+---------+----------+----------+-----+-----+---------+
    |        0|        0|      0 ns|      0 ns|    0|    0|       no|
    +---------+---------+----------+----------+-----+-----+---------+

    + Detail: 
        * Instance: 
        N/A

        * Loop: 
        N/A



================================================================
== Utilization Estimates
================================================================
* Summary: 
+-----------------+---------+------+--------+--------+-----+
|       Name      | BRAM_18K|  DSP |   FF   |   LUT  | URAM|
+-----------------+---------+------+--------+--------+-----+
|DSP              |        -|     -|       -|       -|    -|
|Expression       |        -|     -|       0|       2|    -|
|FIFO             |        -|     -|       -|       -|    -|
|Instance         |        -|     -|       -|       -|    -|
|Memory           |        -|     -|       -|       -|    -|
|Multiplexer      |        -|     -|       -|      18|    -|
|Register         |        -|     -|       3|       -|    -|
+-----------------+---------+------+--------+--------+-----+
|Total            |        0|     0|       3|      20|    0|
+-----------------+---------+------+--------+--------+-----+
|Available        |      288|  1248|  234240|  117120|   64|
+-----------------+---------+------+--------+--------+-----+
|Utilization (%)  |        0|     0|      ~0|      ~0|    0|
+-----------------+---------+------+--------+--------+-----+

+ Detail: 
    * Instance: 
    N/A

    * DSP: 
    N/A

    * Memory: 
    N/A

    * FIFO: 
    N/A

    * Expression: 
    +-----------------+----------+----+---+----+------------+------------+
    |  Variable Name  | Operation| DSP| FF| LUT| Bitwidth P0| Bitwidth P1|
    +-----------------+----------+----+---+----+------------+------------+
    |ap_block_state1  |        or|   0|  0|   2|           1|           1|
    +-----------------+----------+----+---+----+------------+------------+
    |Total            |          |   0|  0|   2|           1|           1|
    +-----------------+----------+----+---+----+------------+------------+

    * Multiplexer: 
    +----------+----+-----------+-----+-----------+
    |   Name   | LUT| Input Size| Bits| Total Bits|
    +----------+----+-----------+-----+-----------+
    |ap_done   |   9|          2|    1|          2|
    |return_r  |   9|          2|    1|          2|
    +----------+----+-----------+-----+-----------+
    |Total     |  18|          4|    2|          4|
    +----------+----+-----------+-----+-----------+

    * Register: 
    +---------------+---+----+-----+-----------+
    |      Name     | FF| LUT| Bits| Const Bits|
    +---------------+---+----+-----+-----------+
    |ap_CS_fsm      |  1|   0|    1|          0|
    |ap_done_reg    |  1|   0|    1|          0|
    |return_r_preg  |  1|   0|    4|          3|
    +---------------+---+----+-----+-----------+
    |Total          |  3|   0|    6|          3|
    +---------------+---+----+-----+-----------+



================================================================
== Interface
================================================================
* Summary: 
+-------------+-----+-----+------------+--------------------+--------------+
|  RTL Ports  | Dir | Bits|  Protocol  |    Source Object   |    C Type    |
+-------------+-----+-----+------------+--------------------+--------------+
|ap_clk       |   in|    1|  ap_ctrl_hs|  last_blk_pxl_width|  return value|
|ap_rst       |   in|    1|  ap_ctrl_hs|  last_blk_pxl_width|  return value|
|ap_start     |   in|    1|  ap_ctrl_hs|  last_blk_pxl_width|  return value|
|ap_done      |  out|    1|  ap_ctrl_hs|  last_blk_pxl_width|  return value|
|ap_continue  |   in|    1|  ap_ctrl_hs|  last_blk_pxl_width|  return value|
|ap_idle      |  out|    1|  ap_ctrl_hs|  last_blk_pxl_width|  return value|
|ap_ready     |  out|    1|  ap_ctrl_hs|  last_blk_pxl_width|  return value|
|return_r     |  out|    4|     ap_none|            return_r|       pointer|
+-------------+-----+-----+------------+--------------------+--------------+

============================================================
+ Verbose Summary: Synthesis Manager
============================================================
InlineROM: 1
ExposeGlobal: 0
============================================================
+ Verbose Summary: CDFG Model
============================================================
IsTopModel: 0
ResetActiveHigh: 1
IsCombinational: 2
IsDatapathOnly: 0
HasWiredReturn: 1
HasMFsm: 0
HasVarLatency: 0
IsPipeline: 0
IsRtlPipelined: 0
IsInstanceOverlapped: 0
IsDontTouch: 0
HasImplIP: 0
IsGatedGlobalClock: 0


============================================================
+ Verbose Summary: Schedule
============================================================
* Number of FSM states : 1
* Pipeline : 0
* Dataflow Pipeline: 0

* FSM state transitions: 
1 --> 

* FSM state operations: 

State 1 <SV = 0> <Delay = 1.21>
ST_1 : Operation 2 [1/1] (1.21ns)   --->   "%write_ln0 = write void @_ssdm_op_Write.ap_auto.volatile.i4P0A, i4 %return_r, i4 8"   --->   Operation 2 'write' 'write_ln0' <Predicate = true> <Delay = 1.21> <CoreInst = "FIFO_SRL">   --->   Core 81 'FIFO_SRL' <Latency = 0> <II = 1> <Delay = 1.83> <Storage> <Opcode : 'read' 'write' 'nbread' 'nbwrite'> <Ports = 0> <Width = -1> <Depth = -1> <FIFO>
ST_1 : Operation 3 [1/1] (0.00ns)   --->   "%ret_ln924 = ret" [/media/abhidan/sata/temp/acceleration_2/Vitis-AI-3.0/examples/waa/plugins/include/pl/common/xf_structs.hpp:924]   --->   Operation 3 'ret' 'ret_ln924' <Predicate = true> <Delay = 0.00>


============================================================
+ Verbose Summary: Binding
============================================================
STG Binding: 
---------------- STG Properties BEGIN ----------------
- Is combinational: 0
- Is one-state seq: 1
- Is datapath-only: 0
- Is pipelined: 0
- Is top level: 0
Port [ Return ] is wired: 1; IO mode=ap_ctrl_hs:ce=0
Port [ return_r]:  wired=1; compound=0; hidden=0; nouse=0; global=0; static=0; extern=0; dir=1; type=0; pingpong=0; private_global=0; IO mode=ap_none:ce=0
---------------- STG Properties END ------------------

---------------- Datapath Model BEGIN ----------------

<LifeTime>
<method=bitvector/>
write_ln0 (write) [ 00]
ret_ln924 (ret  ) [ 00]
</LifeTime>

<model>

<comp_list>
<comp id="0" class="1000" name="return_r">
<pin_list>
<pin id="1" dir="1" index="0" bw="1" slack="0"/>
</pin_list>
<bind>
<StgValue><ssdm name="return_r"/></StgValue>
</bind>
</comp>

<comp id="2" class="1001" name="const_2">
<pin_list>
<pin id="3" dir="1" index="0" bw="1" slack="0"/>
</pin_list>
<bind>
<StgValue><ssdm name="_ssdm_op_Write.ap_auto.volatile.i4P0A"/></StgValue>
</bind>
</comp>

<comp id="4" class="1001" name="const_4">
<pin_list>
<pin id="5" dir="1" index="0" bw="1" slack="0"/>
</pin_list>
<bind>
<StgValue><ssdm name=""/></StgValue>
</bind>
</comp>

<comp id="6" class="1004" name="write_ln0_write_fu_6">
<pin_list>
<pin id="7" dir="0" index="0" bw="0" slack="0"/>
<pin id="8" dir="0" index="1" bw="4" slack="0"/>
<pin id="9" dir="0" index="2" bw="4" slack="0"/>
<pin id="10" dir="1" index="3" bw="0" slack="2147483647"/>
</pin_list>
<bind>
<opcode="write(1151) " fcode="write"/>
<opset="write_ln0/1 "/>
</bind>
</comp>

</comp_list>

<net_list>
<net id="11"><net_src comp="2" pin="0"/><net_sink comp="6" pin=0"/></net>

<net id="12"><net_src comp="0" pin="0"/><net_sink comp="6" pin=1"/></net>

<net id="13"><net_src comp="4" pin="0"/><net_sink comp="6" pin=2"/></net>

</net_list>

</model> 
---------------- Datapath Model END ------------------

* FSMD analyzer results:
  - Output states:
	Port: return_r | {1 }
 - Input state : 
	Port: last_blk_pxl_width : return_r | {}
  - Chain level:
	State 1


============================================================
+ Verbose Summary: Datapath Resource usage 
============================================================

* Functional unit list:
|----------|----------------------|
| Operation|    Functional Unit   |
|----------|----------------------|
|   write  | write_ln0_write_fu_6 |
|----------|----------------------|
|   Total  |                      |
|----------|----------------------|

Memories:
N/A

* Register list:
N/A

* Multiplexer (MUX) list: 
|--------|------|------|------|--------|
|  Comp  |  Pin | Size |  BW  | S x BW |
|--------|------|------|------|--------|
|  Total |      |      |      |    0   |
|--------|------|------|------|--------|



* Summary:
+-----------+
|           |
+-----------+
|  Function |
|   Memory  |
|Multiplexer|
|  Register |
+-----------+
|   Total   |
+-----------+
