

================================================================
== Vitis HLS Report for 'xfMat2Array_128_9_720_1280_1_1_s'
================================================================
* Date:           Fri Sep  6 14:01:31 2024

* Version:        2022.2 (Build 3670227 on Oct 13 2022)
* Project:        histoframe_accel
* Solution:       solution (Vitis Kernel Flow Target)
* Product family: zynquplus
* Target device:  xck26-sfvc784-2LV-c


================================================================
== Performance Estimates
================================================================
+ Timing: 
    * Summary: 
    +--------+---------+----------+------------+
    |  Clock |  Target | Estimated| Uncertainty|
    +--------+---------+----------+------------+
    |ap_clk  |  3.33 ns|  2.433 ns|     0.90 ns|
    +--------+---------+----------+------------+

+ Latency: 
    * Summary: 
    +---------+---------+----------+----------+-----+--------+---------+
    |  Latency (cycles) |  Latency (absolute) |   Interval   | Pipeline|
    |   min   |   max   |    min   |    max   | min |   max  |   Type  |
    +---------+---------+----------+----------+-----+--------+---------+
    |       82|   921612|  0.273 us|  3.072 ms|   82|  921612|       no|
    +---------+---------+----------+----------+-----+--------+---------+

    + Detail: 
        * Instance: 
        N/A

        * Loop: 
        N/A

============================================================
+ Verbose Summary: Synthesis Manager
============================================================
InlineROM: 1
ExposeGlobal: 0
============================================================
+ Verbose Summary: CDFG Model
============================================================
IsTopModel: 0
ResetActiveHigh: 1
IsCombinational: 2
IsDatapathOnly: 0
HasWiredReturn: 1
HasMFsm: 0
HasVarLatency: 1
IsPipeline: 0
IsRtlPipelined: 0
IsInstanceOverlapped: 0
IsDontTouch: 0
HasImplIP: 0
IsGatedGlobalClock: 0


============================================================
+ Verbose Summary: Schedule
============================================================
* Number of FSM states : 3
* Pipeline : 0
* Dataflow Pipeline: 0

* FSM state transitions: 
1 --> 2 
2 --> 3 
3 --> 

* FSM state operations: 

State 1 <SV = 0> <Delay = 1.21>
ST_1 : Operation 4 [1/1] (1.21ns)   --->   "%p_read_1 = read i32 @_ssdm_op_Read.ap_auto.i32, i32 %p_read1"   --->   Operation 4 'read' 'p_read_1' <Predicate = true> <Delay = 1.21> <CoreInst = "FIFO_SRL">   --->   Core 81 'FIFO_SRL' <Latency = 0> <II = 1> <Delay = 1.83> <Storage> <Opcode : 'read' 'write' 'nbread' 'nbwrite'> <Ports = 0> <Width = -1> <Depth = -1> <FIFO>
ST_1 : Operation 5 [1/1] (1.21ns)   --->   "%p_read_2 = read i32 @_ssdm_op_Read.ap_auto.i32, i32 %p_read"   --->   Operation 5 'read' 'p_read_2' <Predicate = true> <Delay = 1.21> <CoreInst = "FIFO_SRL">   --->   Core 81 'FIFO_SRL' <Latency = 0> <II = 1> <Delay = 1.83> <Storage> <Opcode : 'read' 'write' 'nbread' 'nbwrite'> <Ports = 0> <Width = -1> <Depth = -1> <FIFO>
ST_1 : Operation 6 [1/1] (1.21ns)   --->   "%dstPtr_read = read i64 @_ssdm_op_Read.ap_fifo.i64P0A, i64 %dstPtr"   --->   Operation 6 'read' 'dstPtr_read' <Predicate = true> <Delay = 1.21> <CoreInst = "FIFO_SRL">   --->   Core 81 'FIFO_SRL' <Latency = 0> <II = 1> <Delay = 1.86> <Storage> <Opcode : 'read' 'write' 'nbread' 'nbwrite'> <Ports = 0> <Width = 64> <Depth = 5> <FIFO>
ST_1 : Operation 7 [1/1] (0.00ns)   --->   "%trunc_ln1510 = trunc i32 %p_read_2" [/media/abhidan/sata/temp/acceleration_2/Vitis-AI-3.0/examples/waa/plugins/include/pl/common/xf_structs.hpp:1510]   --->   Operation 7 'trunc' 'trunc_ln1510' <Predicate = true> <Delay = 0.00>

State 2 <SV = 1> <Delay = 1.75>
ST_2 : Operation 8 [2/2] (1.75ns)   --->   "%call_ln1510 = call void @Mat2Axi, i24 %out_mat_data2, i128 %gmem2, i64 %dstPtr_read, i16 %trunc_ln1510, i32 %p_read_1" [/media/abhidan/sata/temp/acceleration_2/Vitis-AI-3.0/examples/waa/plugins/include/pl/common/xf_structs.hpp:1510]   --->   Operation 8 'call' 'call_ln1510' <Predicate = true> <Delay = 1.75> <CoreType = "Generic">   --->   Core 0 '' <Latency = 0> <II = 1> <Delay = 1.00> <Generic> <Opcode : >

State 3 <SV = 2> <Delay = 0.00>
ST_3 : Operation 9 [1/1] (0.00ns)   --->   "%specinterface_ln0 = specinterface void @_ssdm_op_SpecInterface, i64 %dstPtr, void @ap_fifo_str, i32 0, i32 0, void @p_str, i32 0, i32 0, void @p_str, void @p_str, void @p_str, i32 2, i32 2, i32 16, i32 16, void @p_str, void @ScalarProp_str, i32 4294967295, i32 0"   --->   Operation 9 'specinterface' 'specinterface_ln0' <Predicate = true> <Delay = 0.00>
ST_3 : Operation 10 [1/1] (0.00ns)   --->   "%specinterface_ln0 = specinterface void @_ssdm_op_SpecInterface, i24 %out_mat_data2, void @empty_11, i32 0, i32 0, void @empty_17, i32 0, i32 0, void @empty_17, void @empty_17, void @empty_17, i32 0, i32 0, i32 0, i32 0, void @empty_17, void @empty_17, i32 4294967295, i32 0"   --->   Operation 10 'specinterface' 'specinterface_ln0' <Predicate = true> <Delay = 0.00>
ST_3 : Operation 11 [1/1] (0.00ns)   --->   "%specinterface_ln0 = specinterface void @_ssdm_op_SpecInterface, i128 %gmem2, void @empty_16, i32 0, i32 0, void @empty_17, i32 64, i32 57600, void @empty_19, void @empty_18, void @empty_17, i32 16, i32 16, i32 16, i32 16, void @empty_17, void @empty_17, i32 4294967295, i32 0"   --->   Operation 11 'specinterface' 'specinterface_ln0' <Predicate = true> <Delay = 0.00>
ST_3 : Operation 12 [1/2] (0.00ns)   --->   "%call_ln1510 = call void @Mat2Axi, i24 %out_mat_data2, i128 %gmem2, i64 %dstPtr_read, i16 %trunc_ln1510, i32 %p_read_1" [/media/abhidan/sata/temp/acceleration_2/Vitis-AI-3.0/examples/waa/plugins/include/pl/common/xf_structs.hpp:1510]   --->   Operation 12 'call' 'call_ln1510' <Predicate = true> <Delay = 0.00> <CoreType = "Generic">   --->   Core 0 '' <Latency = 0> <II = 1> <Delay = 1.00> <Generic> <Opcode : >
ST_3 : Operation 13 [1/1] (0.00ns)   --->   "%ret_ln521 = ret" [/media/abhidan/sata/temp/acceleration_2/Vitis-AI-3.0/examples/waa/plugins/include/pl/common/xf_utility.hpp:521]   --->   Operation 13 'ret' 'ret_ln521' <Predicate = true> <Delay = 0.00>


============================================================
+ Verbose Summary: Timing violations
============================================================
Target clock period: 3.33ns, clock uncertainty: 0.9ns.

 <State 1>: 1.22ns
The critical path consists of the following:
	wire read operation ('p_read_1') on port 'p_read1' [7]  (1.22 ns)

 <State 2>: 1.75ns
The critical path consists of the following:
	'call' operation ('call_ln1510', /media/abhidan/sata/temp/acceleration_2/Vitis-AI-3.0/examples/waa/plugins/include/pl/common/xf_structs.hpp:1510) to 'Mat2Axi' [13]  (1.75 ns)

 <State 3>: 0ns
The critical path consists of the following:


============================================================
+ Verbose Summary: Binding
============================================================
N/A
* FSMD analyzer results:
  - Output states:
 - Input state : 
  - Chain level:
	State 1
	State 2
	State 3


============================================================
+ Verbose Summary: Datapath Resource usage 
============================================================
N/A
